The system is: Linux - 4.14.35-1844.2.5.el7uek.x86_64 - x86_64
Compiling the CXX compiler identification source file "CMakeCXXCompilerId.cpp" succeeded.
Compiler: /software/gcc/8.2.0/bin/g++ 
Build flags: 
Id flags:  

The output was:
0


Compilation of the CXX compiler identification source "CMakeCXXCompilerId.cpp" produced "a.out"

The CXX compiler identification is GNU, found in "/zfs/dicelab/DigitalPlant/C_Synthetic_Data_Generator/cmake/CMakeFiles/3.16.2/CompilerIdCXX/a.out"

Compiling the C compiler identification source file "CMakeCCompilerId.c" succeeded.
Compiler: /software/gcc/8.2.0/bin/gcc 
Build flags: 
Id flags:  

The output was:
0


Compilation of the C compiler identification source "CMakeCCompilerId.c" produced "a.out"

The C compiler identification is GNU, found in "/zfs/dicelab/DigitalPlant/C_Synthetic_Data_Generator/cmake/CMakeFiles/3.16.2/CompilerIdC/a.out"

Determining if the CXX compiler works passed with the following output:
Change Dir: /zfs/dicelab/DigitalPlant/C_Synthetic_Data_Generator/cmake/CMakeFiles/CMakeTmp

Run Build Command(s):/bin/gmake cmTC_f58e5/fast && /bin/gmake -f CMakeFiles/cmTC_f58e5.dir/build.make CMakeFiles/cmTC_f58e5.dir/build
gmake[1]: Entering directory `/zfs/dicelab/DigitalPlant/C_Synthetic_Data_Generator/cmake/CMakeFiles/CMakeTmp'
Building CXX object CMakeFiles/cmTC_f58e5.dir/testCXXCompiler.cxx.o
/software/gcc/8.2.0/bin/g++     -o CMakeFiles/cmTC_f58e5.dir/testCXXCompiler.cxx.o -c /zfs/dicelab/DigitalPlant/C_Synthetic_Data_Generator/cmake/CMakeFiles/CMakeTmp/testCXXCompiler.cxx
Linking CXX executable cmTC_f58e5
/zfs/dicelab/whalabi/spack/opt/spack/linux-ol7-x86_64/gcc-8.2.0/cmake-3.16.2-2iriv5kxhkr7jnrbudz46qzkdywmjgnn/bin/cmake -E cmake_link_script CMakeFiles/cmTC_f58e5.dir/link.txt --verbose=1
/software/gcc/8.2.0/bin/g++       -rdynamic CMakeFiles/cmTC_f58e5.dir/testCXXCompiler.cxx.o  -o cmTC_f58e5 
gmake[1]: Leaving directory `/zfs/dicelab/DigitalPlant/C_Synthetic_Data_Generator/cmake/CMakeFiles/CMakeTmp'



Detecting CXX compiler ABI info compiled with the following output:
Change Dir: /zfs/dicelab/DigitalPlant/C_Synthetic_Data_Generator/cmake/CMakeFiles/CMakeTmp

Run Build Command(s):/bin/gmake cmTC_e1f2c/fast && /bin/gmake -f CMakeFiles/cmTC_e1f2c.dir/build.make CMakeFiles/cmTC_e1f2c.dir/build
gmake[1]: Entering directory `/zfs/dicelab/DigitalPlant/C_Synthetic_Data_Generator/cmake/CMakeFiles/CMakeTmp'
Building CXX object CMakeFiles/cmTC_e1f2c.dir/CMakeCXXCompilerABI.cpp.o
/software/gcc/8.2.0/bin/g++    -v -o CMakeFiles/cmTC_e1f2c.dir/CMakeCXXCompilerABI.cpp.o -c /zfs/dicelab/whalabi/spack/opt/spack/linux-ol7-x86_64/gcc-8.2.0/cmake-3.16.2-2iriv5kxhkr7jnrbudz46qzkdywmjgnn/share/cmake-3.16/Modules/CMakeCXXCompilerABI.cpp
Using built-in specs.
COLLECT_GCC=/software/gcc/8.2.0/bin/g++
Target: x86_64-pc-linux-gnu
Configured with: ../configure --prefix=/software/gcc/8.2.0 --enable-languages=c,c++,fortran --disable-libquadmath --disable-libquadmath-support --disable-werror --disable-multilib --disable-bootstrap
Thread model: posix
gcc version 8.2.0 (GCC) 
COLLECT_GCC_OPTIONS='-v' '-o' 'CMakeFiles/cmTC_e1f2c.dir/CMakeCXXCompilerABI.cpp.o' '-c' '-shared-libgcc' '-mtune=generic' '-march=x86-64'
 /software/gcc/8.2.0/libexec/gcc/x86_64-pc-linux-gnu/8.2.0/cc1plus -quiet -v -D_GNU_SOURCE /zfs/dicelab/whalabi/spack/opt/spack/linux-ol7-x86_64/gcc-8.2.0/cmake-3.16.2-2iriv5kxhkr7jnrbudz46qzkdywmjgnn/share/cmake-3.16/Modules/CMakeCXXCompilerABI.cpp -quiet -dumpbase CMakeCXXCompilerABI.cpp -mtune=generic -march=x86-64 -auxbase-strip CMakeFiles/cmTC_e1f2c.dir/CMakeCXXCompilerABI.cpp.o -version -o /local_scratch/pbs.9084869.pbs02/cct0ndso.s
GNU C++14 (GCC) version 8.2.0 (x86_64-pc-linux-gnu)
	compiled by GNU C version 4.8.5 20150623 (Red Hat 4.8.5-28.0.1), GMP version 6.1.0, MPFR version 3.1.4, MPC version 1.0.3, isl version isl-0.18-GMP

GGC heuristics: --param ggc-min-expand=100 --param ggc-min-heapsize=131072
ignoring duplicate directory "/software/gcc/8.2.0/lib/gcc/x86_64-pc-linux-gnu/8.2.0/../../../../include/c++/8.2.0"
ignoring nonexistent directory "/software/gcc/8.2.0/lib/gcc/x86_64-pc-linux-gnu/8.2.0/../../../../x86_64-pc-linux-gnu/include"
ignoring duplicate directory "/zfs/dicelab/whalabi/spack/opt/spack/linux-ol7-x86_64/gcc-8.2.0/openssl-1.0.2k-mfyfgrv437fyhctjizyhra2knoyegfo3/include"
ignoring duplicate directory "/zfs/dicelab/whalabi/spack/opt/spack/linux-ol7-x86_64/gcc-8.2.0/zlib-1.2.11-sb2y3xuxzdli7fr7jvro4m3noreld46z/include"
#include "..." search starts here:
#include <...> search starts here:
 /zfs/dicelab/whalabi/spack/opt/spack/linux-ol7-x86_64/gcc-8.2.0/openssl-1.0.2k-mfyfgrv437fyhctjizyhra2knoyegfo3/include
 /zfs/dicelab/whalabi/spack/opt/spack/linux-ol7-x86_64/gcc-8.2.0/zlib-1.2.11-sb2y3xuxzdli7fr7jvro4m3noreld46z/include
 /zfs/dicelab/whalabi/spack/opt/spack/linux-ol7-x86_64/gcc-8.2.0/ncurses-6.1-p5t4vkc67jyr36nqnzugvyi4waxkdn7d/include
 /zfs/dicelab/whalabi/spack/opt/spack/linux-ol7-x86_64/gcc-8.2.0/azureiot-LTS_05_2020_Ref01-a2pnxieq52aotmriv5ttn3l3rdybjjio/include
 /zfs/dicelab/whalabi/spack/opt/spack/linux-ol7-x86_64/gcc-8.2.0/libuuid-1.0.3-yhv4tlmwrh34jvzqjj7edzp6vefp6wgm/include
 /zfs/dicelab/whalabi/spack/opt/spack/linux-ol7-x86_64/gcc-8.2.0/curl-7.68.0-73mdh5wn5s7imur4xrviue5vr3t2tasw/include
 /software/gcc/8.2.0/include/c++/8.2.0
 /software/gcc/8.2.0/lib/gcc/x86_64-pc-linux-gnu/8.2.0/../../../../include/c++/8.2.0/x86_64-pc-linux-gnu
 /software/gcc/8.2.0/lib/gcc/x86_64-pc-linux-gnu/8.2.0/../../../../include/c++/8.2.0/backward
 /software/gcc/8.2.0/lib/gcc/x86_64-pc-linux-gnu/8.2.0/include
 /usr/local/include
 /software/gcc/8.2.0/include
 /software/gcc/8.2.0/lib/gcc/x86_64-pc-linux-gnu/8.2.0/include-fixed
 /usr/include
End of search list.
GNU C++14 (GCC) version 8.2.0 (x86_64-pc-linux-gnu)
	compiled by GNU C version 4.8.5 20150623 (Red Hat 4.8.5-28.0.1), GMP version 6.1.0, MPFR version 3.1.4, MPC version 1.0.3, isl version isl-0.18-GMP

GGC heuristics: --param ggc-min-expand=100 --param ggc-min-heapsize=131072
Compiler executable checksum: 27839970e991a35c2b43e4f5d360253c
COLLECT_GCC_OPTIONS='-v' '-o' 'CMakeFiles/cmTC_e1f2c.dir/CMakeCXXCompilerABI.cpp.o' '-c' '-shared-libgcc' '-mtune=generic' '-march=x86-64'
 as -v --64 -o CMakeFiles/cmTC_e1f2c.dir/CMakeCXXCompilerABI.cpp.o /local_scratch/pbs.9084869.pbs02/cct0ndso.s
GNU assembler version 2.27 (x86_64-redhat-linux) using BFD version version 2.27-41.base.0.5.el7_7.1
COMPILER_PATH=/software/gcc/8.2.0/libexec/gcc/x86_64-pc-linux-gnu/8.2.0/:/software/gcc/8.2.0/libexec/gcc/x86_64-pc-linux-gnu/8.2.0/:/software/gcc/8.2.0/libexec/gcc/x86_64-pc-linux-gnu/:/software/gcc/8.2.0/lib/gcc/x86_64-pc-linux-gnu/8.2.0/:/software/gcc/8.2.0/lib/gcc/x86_64-pc-linux-gnu/
LIBRARY_PATH=/zfs/dicelab/whalabi/spack/opt/spack/linux-ol7-x86_64/gcc-8.2.0/azureiot-LTS_05_2020_Ref01-a2pnxieq52aotmriv5ttn3l3rdybjjio/lib64/../lib64/:/software/gcc/8.2.0/lib64/../lib64/:/software/gcc/8.2.0/lib/gcc/x86_64-pc-linux-gnu/8.2.0/:/software/gcc/8.2.0/lib/gcc/x86_64-pc-linux-gnu/8.2.0/../../../../lib64/:/lib/../lib64/:/usr/lib/../lib64/:/zfs/dicelab/whalabi/spack/opt/spack/linux-ol7-x86_64/gcc-8.2.0/openssl-1.0.2k-mfyfgrv437fyhctjizyhra2knoyegfo3/lib/:/zfs/dicelab/whalabi/spack/opt/spack/linux-ol7-x86_64/gcc-8.2.0/zlib-1.2.11-sb2y3xuxzdli7fr7jvro4m3noreld46z/lib/:/zfs/dicelab/whalabi/spack/opt/spack/linux-ol7-x86_64/gcc-8.2.0/ncurses-6.1-p5t4vkc67jyr36nqnzugvyi4waxkdn7d/lib/:/zfs/dicelab/whalabi/spack/opt/spack/linux-ol7-x86_64/gcc-8.2.0/azureiot-LTS_05_2020_Ref01-a2pnxieq52aotmriv5ttn3l3rdybjjio/lib64/:/zfs/dicelab/whalabi/spack/opt/spack/linux-ol7-x86_64/gcc-8.2.0/libuuid-1.0.3-yhv4tlmwrh34jvzqjj7edzp6vefp6wgm/lib/:/zfs/dicelab/whalabi/spack/opt/spack/linux-ol7-x86_64/gcc-8.2.0/curl-7.68.0-73mdh5wn5s7imur4xrviue5vr3t2tasw/lib/:/zfs/dicelab/whalabi/spack/opt/spack/linux-ol7-x86_64/gcc-8.2.0/openssl-1.0.2k-mfyfgrv437fyhctjizyhra2knoyegfo3/lib/:/zfs/dicelab/whalabi/spack/opt/spack/linux-ol7-x86_64/gcc-8.2.0/zlib-1.2.11-sb2y3xuxzdli7fr7jvro4m3noreld46z/lib/:/software/gcc/8.2.0/lib64/:/software/gcc/8.2.0/lib/gcc/x86_64-pc-linux-gnu/8.2.0/../../../:/lib/:/usr/lib/
COLLECT_GCC_OPTIONS='-v' '-o' 'CMakeFiles/cmTC_e1f2c.dir/CMakeCXXCompilerABI.cpp.o' '-c' '-shared-libgcc' '-mtune=generic' '-march=x86-64'
Linking CXX executable cmTC_e1f2c
/zfs/dicelab/whalabi/spack/opt/spack/linux-ol7-x86_64/gcc-8.2.0/cmake-3.16.2-2iriv5kxhkr7jnrbudz46qzkdywmjgnn/bin/cmake -E cmake_link_script CMakeFiles/cmTC_e1f2c.dir/link.txt --verbose=1
/software/gcc/8.2.0/bin/g++      -v -rdynamic CMakeFiles/cmTC_e1f2c.dir/CMakeCXXCompilerABI.cpp.o  -o cmTC_e1f2c 
Using built-in specs.
COLLECT_GCC=/software/gcc/8.2.0/bin/g++
COLLECT_LTO_WRAPPER=/software/gcc/8.2.0/libexec/gcc/x86_64-pc-linux-gnu/8.2.0/lto-wrapper
Target: x86_64-pc-linux-gnu
Configured with: ../configure --prefix=/software/gcc/8.2.0 --enable-languages=c,c++,fortran --disable-libquadmath --disable-libquadmath-support --disable-werror --disable-multilib --disable-bootstrap
Thread model: posix
gcc version 8.2.0 (GCC) 
COMPILER_PATH=/software/gcc/8.2.0/libexec/gcc/x86_64-pc-linux-gnu/8.2.0/:/software/gcc/8.2.0/libexec/gcc/x86_64-pc-linux-gnu/8.2.0/:/software/gcc/8.2.0/libexec/gcc/x86_64-pc-linux-gnu/:/software/gcc/8.2.0/lib/gcc/x86_64-pc-linux-gnu/8.2.0/:/software/gcc/8.2.0/lib/gcc/x86_64-pc-linux-gnu/
LIBRARY_PATH=/zfs/dicelab/whalabi/spack/opt/spack/linux-ol7-x86_64/gcc-8.2.0/azureiot-LTS_05_2020_Ref01-a2pnxieq52aotmriv5ttn3l3rdybjjio/lib64/../lib64/:/software/gcc/8.2.0/lib64/../lib64/:/software/gcc/8.2.0/lib/gcc/x86_64-pc-linux-gnu/8.2.0/:/software/gcc/8.2.0/lib/gcc/x86_64-pc-linux-gnu/8.2.0/../../../../lib64/:/lib/../lib64/:/usr/lib/../lib64/:/zfs/dicelab/whalabi/spack/opt/spack/linux-ol7-x86_64/gcc-8.2.0/openssl-1.0.2k-mfyfgrv437fyhctjizyhra2knoyegfo3/lib/:/zfs/dicelab/whalabi/spack/opt/spack/linux-ol7-x86_64/gcc-8.2.0/zlib-1.2.11-sb2y3xuxzdli7fr7jvro4m3noreld46z/lib/:/zfs/dicelab/whalabi/spack/opt/spack/linux-ol7-x86_64/gcc-8.2.0/ncurses-6.1-p5t4vkc67jyr36nqnzugvyi4waxkdn7d/lib/:/zfs/dicelab/whalabi/spack/opt/spack/linux-ol7-x86_64/gcc-8.2.0/azureiot-LTS_05_2020_Ref01-a2pnxieq52aotmriv5ttn3l3rdybjjio/lib64/:/zfs/dicelab/whalabi/spack/opt/spack/linux-ol7-x86_64/gcc-8.2.0/libuuid-1.0.3-yhv4tlmwrh34jvzqjj7edzp6vefp6wgm/lib/:/zfs/dicelab/whalabi/spack/opt/spack/linux-ol7-x86_64/gcc-8.2.0/curl-7.68.0-73mdh5wn5s7imur4xrviue5vr3t2tasw/lib/:/zfs/dicelab/whalabi/spack/opt/spack/linux-ol7-x86_64/gcc-8.2.0/openssl-1.0.2k-mfyfgrv437fyhctjizyhra2knoyegfo3/lib/:/zfs/dicelab/whalabi/spack/opt/spack/linux-ol7-x86_64/gcc-8.2.0/zlib-1.2.11-sb2y3xuxzdli7fr7jvro4m3noreld46z/lib/:/software/gcc/8.2.0/lib64/:/software/gcc/8.2.0/lib/gcc/x86_64-pc-linux-gnu/8.2.0/../../../:/lib/:/usr/lib/
COLLECT_GCC_OPTIONS='-v' '-rdynamic' '-o' 'cmTC_e1f2c' '-shared-libgcc' '-mtune=generic' '-march=x86-64'
 /software/gcc/8.2.0/libexec/gcc/x86_64-pc-linux-gnu/8.2.0/collect2 -plugin /software/gcc/8.2.0/libexec/gcc/x86_64-pc-linux-gnu/8.2.0/liblto_plugin.so -plugin-opt=/software/gcc/8.2.0/libexec/gcc/x86_64-pc-linux-gnu/8.2.0/lto-wrapper -plugin-opt=-fresolution=/local_scratch/pbs.9084869.pbs02/cc17o0ct.res -plugin-opt=-pass-through=-lgcc_s -plugin-opt=-pass-through=-lgcc -plugin-opt=-pass-through=-lc -plugin-opt=-pass-through=-lgcc_s -plugin-opt=-pass-through=-lgcc --eh-frame-hdr -m elf_x86_64 -export-dynamic -dynamic-linker /lib64/ld-linux-x86-64.so.2 -o cmTC_e1f2c /lib/../lib64/crt1.o /lib/../lib64/crti.o /software/gcc/8.2.0/lib/gcc/x86_64-pc-linux-gnu/8.2.0/crtbegin.o -L/zfs/dicelab/whalabi/spack/opt/spack/linux-ol7-x86_64/gcc-8.2.0/azureiot-LTS_05_2020_Ref01-a2pnxieq52aotmriv5ttn3l3rdybjjio/lib64/../lib64 -L/software/gcc/8.2.0/lib64/../lib64 -L/software/gcc/8.2.0/lib/gcc/x86_64-pc-linux-gnu/8.2.0 -L/software/gcc/8.2.0/lib/gcc/x86_64-pc-linux-gnu/8.2.0/../../../../lib64 -L/lib/../lib64 -L/usr/lib/../lib64 -L/zfs/dicelab/whalabi/spack/opt/spack/linux-ol7-x86_64/gcc-8.2.0/openssl-1.0.2k-mfyfgrv437fyhctjizyhra2knoyegfo3/lib -L/zfs/dicelab/whalabi/spack/opt/spack/linux-ol7-x86_64/gcc-8.2.0/zlib-1.2.11-sb2y3xuxzdli7fr7jvro4m3noreld46z/lib -L/zfs/dicelab/whalabi/spack/opt/spack/linux-ol7-x86_64/gcc-8.2.0/ncurses-6.1-p5t4vkc67jyr36nqnzugvyi4waxkdn7d/lib -L/zfs/dicelab/whalabi/spack/opt/spack/linux-ol7-x86_64/gcc-8.2.0/azureiot-LTS_05_2020_Ref01-a2pnxieq52aotmriv5ttn3l3rdybjjio/lib64 -L/zfs/dicelab/whalabi/spack/opt/spack/linux-ol7-x86_64/gcc-8.2.0/libuuid-1.0.3-yhv4tlmwrh34jvzqjj7edzp6vefp6wgm/lib -L/zfs/dicelab/whalabi/spack/opt/spack/linux-ol7-x86_64/gcc-8.2.0/curl-7.68.0-73mdh5wn5s7imur4xrviue5vr3t2tasw/lib -L/zfs/dicelab/whalabi/spack/opt/spack/linux-ol7-x86_64/gcc-8.2.0/openssl-1.0.2k-mfyfgrv437fyhctjizyhra2knoyegfo3/lib -L/zfs/dicelab/whalabi/spack/opt/spack/linux-ol7-x86_64/gcc-8.2.0/zlib-1.2.11-sb2y3xuxzdli7fr7jvro4m3noreld46z/lib -L/software/gcc/8.2.0/lib64 -L/software/gcc/8.2.0/lib/gcc/x86_64-pc-linux-gnu/8.2.0/../../.. CMakeFiles/cmTC_e1f2c.dir/CMakeCXXCompilerABI.cpp.o -lstdc++ -lm -lgcc_s -lgcc -lc -lgcc_s -lgcc /software/gcc/8.2.0/lib/gcc/x86_64-pc-linux-gnu/8.2.0/crtend.o /lib/../lib64/crtn.o
COLLECT_GCC_OPTIONS='-v' '-rdynamic' '-o' 'cmTC_e1f2c' '-shared-libgcc' '-mtune=generic' '-march=x86-64'
gmake[1]: Leaving directory `/zfs/dicelab/DigitalPlant/C_Synthetic_Data_Generator/cmake/CMakeFiles/CMakeTmp'



Parsed CXX implicit include dir info from above output: rv=done
  found start of include info
  found start of implicit include info
    add: [/zfs/dicelab/whalabi/spack/opt/spack/linux-ol7-x86_64/gcc-8.2.0/openssl-1.0.2k-mfyfgrv437fyhctjizyhra2knoyegfo3/include]
    add: [/zfs/dicelab/whalabi/spack/opt/spack/linux-ol7-x86_64/gcc-8.2.0/zlib-1.2.11-sb2y3xuxzdli7fr7jvro4m3noreld46z/include]
    add: [/zfs/dicelab/whalabi/spack/opt/spack/linux-ol7-x86_64/gcc-8.2.0/ncurses-6.1-p5t4vkc67jyr36nqnzugvyi4waxkdn7d/include]
    add: [/zfs/dicelab/whalabi/spack/opt/spack/linux-ol7-x86_64/gcc-8.2.0/azureiot-LTS_05_2020_Ref01-a2pnxieq52aotmriv5ttn3l3rdybjjio/include]
    add: [/zfs/dicelab/whalabi/spack/opt/spack/linux-ol7-x86_64/gcc-8.2.0/libuuid-1.0.3-yhv4tlmwrh34jvzqjj7edzp6vefp6wgm/include]
    add: [/zfs/dicelab/whalabi/spack/opt/spack/linux-ol7-x86_64/gcc-8.2.0/curl-7.68.0-73mdh5wn5s7imur4xrviue5vr3t2tasw/include]
    add: [/software/gcc/8.2.0/include/c++/8.2.0]
    add: [/software/gcc/8.2.0/lib/gcc/x86_64-pc-linux-gnu/8.2.0/../../../../include/c++/8.2.0/x86_64-pc-linux-gnu]
    add: [/software/gcc/8.2.0/lib/gcc/x86_64-pc-linux-gnu/8.2.0/../../../../include/c++/8.2.0/backward]
    add: [/software/gcc/8.2.0/lib/gcc/x86_64-pc-linux-gnu/8.2.0/include]
    add: [/usr/local/include]
    add: [/software/gcc/8.2.0/include]
    add: [/software/gcc/8.2.0/lib/gcc/x86_64-pc-linux-gnu/8.2.0/include-fixed]
    add: [/usr/include]
  end of search list found
  collapse include dir [/zfs/dicelab/whalabi/spack/opt/spack/linux-ol7-x86_64/gcc-8.2.0/openssl-1.0.2k-mfyfgrv437fyhctjizyhra2knoyegfo3/include] ==> [/zfs/dicelab/whalabi/spack/opt/spack/linux-ol7-x86_64/gcc-8.2.0/openssl-1.0.2k-mfyfgrv437fyhctjizyhra2knoyegfo3/include]
  collapse include dir [/zfs/dicelab/whalabi/spack/opt/spack/linux-ol7-x86_64/gcc-8.2.0/zlib-1.2.11-sb2y3xuxzdli7fr7jvro4m3noreld46z/include] ==> [/zfs/dicelab/whalabi/spack/opt/spack/linux-ol7-x86_64/gcc-8.2.0/zlib-1.2.11-sb2y3xuxzdli7fr7jvro4m3noreld46z/include]
  collapse include dir [/zfs/dicelab/whalabi/spack/opt/spack/linux-ol7-x86_64/gcc-8.2.0/ncurses-6.1-p5t4vkc67jyr36nqnzugvyi4waxkdn7d/include] ==> [/zfs/dicelab/whalabi/spack/opt/spack/linux-ol7-x86_64/gcc-8.2.0/ncurses-6.1-p5t4vkc67jyr36nqnzugvyi4waxkdn7d/include]
  collapse include dir [/zfs/dicelab/whalabi/spack/opt/spack/linux-ol7-x86_64/gcc-8.2.0/azureiot-LTS_05_2020_Ref01-a2pnxieq52aotmriv5ttn3l3rdybjjio/include] ==> [/zfs/dicelab/whalabi/spack/opt/spack/linux-ol7-x86_64/gcc-8.2.0/azureiot-LTS_05_2020_Ref01-a2pnxieq52aotmriv5ttn3l3rdybjjio/include]
  collapse include dir [/zfs/dicelab/whalabi/spack/opt/spack/linux-ol7-x86_64/gcc-8.2.0/libuuid-1.0.3-yhv4tlmwrh34jvzqjj7edzp6vefp6wgm/include] ==> [/zfs/dicelab/whalabi/spack/opt/spack/linux-ol7-x86_64/gcc-8.2.0/libuuid-1.0.3-yhv4tlmwrh34jvzqjj7edzp6vefp6wgm/include]
  collapse include dir [/zfs/dicelab/whalabi/spack/opt/spack/linux-ol7-x86_64/gcc-8.2.0/curl-7.68.0-73mdh5wn5s7imur4xrviue5vr3t2tasw/include] ==> [/zfs/dicelab/whalabi/spack/opt/spack/linux-ol7-x86_64/gcc-8.2.0/curl-7.68.0-73mdh5wn5s7imur4xrviue5vr3t2tasw/include]
  collapse include dir [/software/gcc/8.2.0/include/c++/8.2.0] ==> [/software/gcc/8.2.0/include/c++/8.2.0]
  collapse include dir [/software/gcc/8.2.0/lib/gcc/x86_64-pc-linux-gnu/8.2.0/../../../../include/c++/8.2.0/x86_64-pc-linux-gnu] ==> [/software/gcc/8.2.0/include/c++/8.2.0/x86_64-pc-linux-gnu]
  collapse include dir [/software/gcc/8.2.0/lib/gcc/x86_64-pc-linux-gnu/8.2.0/../../../../include/c++/8.2.0/backward] ==> [/software/gcc/8.2.0/include/c++/8.2.0/backward]
  collapse include dir [/software/gcc/8.2.0/lib/gcc/x86_64-pc-linux-gnu/8.2.0/include] ==> [/software/gcc/8.2.0/lib/gcc/x86_64-pc-linux-gnu/8.2.0/include]
  collapse include dir [/usr/local/include] ==> [/usr/local/include]
  collapse include dir [/software/gcc/8.2.0/include] ==> [/software/gcc/8.2.0/include]
  collapse include dir [/software/gcc/8.2.0/lib/gcc/x86_64-pc-linux-gnu/8.2.0/include-fixed] ==> [/software/gcc/8.2.0/lib/gcc/x86_64-pc-linux-gnu/8.2.0/include-fixed]
  collapse include dir [/usr/include] ==> [/usr/include]
  implicit include dirs: [/zfs/dicelab/whalabi/spack/opt/spack/linux-ol7-x86_64/gcc-8.2.0/openssl-1.0.2k-mfyfgrv437fyhctjizyhra2knoyegfo3/include;/zfs/dicelab/whalabi/spack/opt/spack/linux-ol7-x86_64/gcc-8.2.0/zlib-1.2.11-sb2y3xuxzdli7fr7jvro4m3noreld46z/include;/zfs/dicelab/whalabi/spack/opt/spack/linux-ol7-x86_64/gcc-8.2.0/ncurses-6.1-p5t4vkc67jyr36nqnzugvyi4waxkdn7d/include;/zfs/dicelab/whalabi/spack/opt/spack/linux-ol7-x86_64/gcc-8.2.0/azureiot-LTS_05_2020_Ref01-a2pnxieq52aotmriv5ttn3l3rdybjjio/include;/zfs/dicelab/whalabi/spack/opt/spack/linux-ol7-x86_64/gcc-8.2.0/libuuid-1.0.3-yhv4tlmwrh34jvzqjj7edzp6vefp6wgm/include;/zfs/dicelab/whalabi/spack/opt/spack/linux-ol7-x86_64/gcc-8.2.0/curl-7.68.0-73mdh5wn5s7imur4xrviue5vr3t2tasw/include;/software/gcc/8.2.0/include/c++/8.2.0;/software/gcc/8.2.0/include/c++/8.2.0/x86_64-pc-linux-gnu;/software/gcc/8.2.0/include/c++/8.2.0/backward;/software/gcc/8.2.0/lib/gcc/x86_64-pc-linux-gnu/8.2.0/include;/usr/local/include;/software/gcc/8.2.0/include;/software/gcc/8.2.0/lib/gcc/x86_64-pc-linux-gnu/8.2.0/include-fixed;/usr/include]


Parsed CXX implicit link information from above output:
  link line regex: [^( *|.*[/\])(ld|CMAKE_LINK_STARTFILE-NOTFOUND|([^/\]+-)?ld|collect2)[^/\]*( |$)]
  ignore line: [Change Dir: /zfs/dicelab/DigitalPlant/C_Synthetic_Data_Generator/cmake/CMakeFiles/CMakeTmp]
  ignore line: []
  ignore line: [Run Build Command(s):/bin/gmake cmTC_e1f2c/fast && /bin/gmake -f CMakeFiles/cmTC_e1f2c.dir/build.make CMakeFiles/cmTC_e1f2c.dir/build]
  ignore line: [gmake[1]: Entering directory `/zfs/dicelab/DigitalPlant/C_Synthetic_Data_Generator/cmake/CMakeFiles/CMakeTmp']
  ignore line: [Building CXX object CMakeFiles/cmTC_e1f2c.dir/CMakeCXXCompilerABI.cpp.o]
  ignore line: [/software/gcc/8.2.0/bin/g++    -v -o CMakeFiles/cmTC_e1f2c.dir/CMakeCXXCompilerABI.cpp.o -c /zfs/dicelab/whalabi/spack/opt/spack/linux-ol7-x86_64/gcc-8.2.0/cmake-3.16.2-2iriv5kxhkr7jnrbudz46qzkdywmjgnn/share/cmake-3.16/Modules/CMakeCXXCompilerABI.cpp]
  ignore line: [Using built-in specs.]
  ignore line: [COLLECT_GCC=/software/gcc/8.2.0/bin/g++]
  ignore line: [Target: x86_64-pc-linux-gnu]
  ignore line: [Configured with: ../configure --prefix=/software/gcc/8.2.0 --enable-languages=c c++ fortran --disable-libquadmath --disable-libquadmath-support --disable-werror --disable-multilib --disable-bootstrap]
  ignore line: [Thread model: posix]
  ignore line: [gcc version 8.2.0 (GCC) ]
  ignore line: [COLLECT_GCC_OPTIONS='-v' '-o' 'CMakeFiles/cmTC_e1f2c.dir/CMakeCXXCompilerABI.cpp.o' '-c' '-shared-libgcc' '-mtune=generic' '-march=x86-64']
  ignore line: [ /software/gcc/8.2.0/libexec/gcc/x86_64-pc-linux-gnu/8.2.0/cc1plus -quiet -v -D_GNU_SOURCE /zfs/dicelab/whalabi/spack/opt/spack/linux-ol7-x86_64/gcc-8.2.0/cmake-3.16.2-2iriv5kxhkr7jnrbudz46qzkdywmjgnn/share/cmake-3.16/Modules/CMakeCXXCompilerABI.cpp -quiet -dumpbase CMakeCXXCompilerABI.cpp -mtune=generic -march=x86-64 -auxbase-strip CMakeFiles/cmTC_e1f2c.dir/CMakeCXXCompilerABI.cpp.o -version -o /local_scratch/pbs.9084869.pbs02/cct0ndso.s]
  ignore line: [GNU C++14 (GCC) version 8.2.0 (x86_64-pc-linux-gnu)]
  ignore line: [	compiled by GNU C version 4.8.5 20150623 (Red Hat 4.8.5-28.0.1)  GMP version 6.1.0  MPFR version 3.1.4  MPC version 1.0.3  isl version isl-0.18-GMP]
  ignore line: []
  ignore line: [GGC heuristics: --param ggc-min-expand=100 --param ggc-min-heapsize=131072]
  ignore line: [ignoring duplicate directory "/software/gcc/8.2.0/lib/gcc/x86_64-pc-linux-gnu/8.2.0/../../../../include/c++/8.2.0"]
  ignore line: [ignoring nonexistent directory "/software/gcc/8.2.0/lib/gcc/x86_64-pc-linux-gnu/8.2.0/../../../../x86_64-pc-linux-gnu/include"]
  ignore line: [ignoring duplicate directory "/zfs/dicelab/whalabi/spack/opt/spack/linux-ol7-x86_64/gcc-8.2.0/openssl-1.0.2k-mfyfgrv437fyhctjizyhra2knoyegfo3/include"]
  ignore line: [ignoring duplicate directory "/zfs/dicelab/whalabi/spack/opt/spack/linux-ol7-x86_64/gcc-8.2.0/zlib-1.2.11-sb2y3xuxzdli7fr7jvro4m3noreld46z/include"]
  ignore line: [#include "..." search starts here:]
  ignore line: [#include <...> search starts here:]
  ignore line: [ /zfs/dicelab/whalabi/spack/opt/spack/linux-ol7-x86_64/gcc-8.2.0/openssl-1.0.2k-mfyfgrv437fyhctjizyhra2knoyegfo3/include]
  ignore line: [ /zfs/dicelab/whalabi/spack/opt/spack/linux-ol7-x86_64/gcc-8.2.0/zlib-1.2.11-sb2y3xuxzdli7fr7jvro4m3noreld46z/include]
  ignore line: [ /zfs/dicelab/whalabi/spack/opt/spack/linux-ol7-x86_64/gcc-8.2.0/ncurses-6.1-p5t4vkc67jyr36nqnzugvyi4waxkdn7d/include]
  ignore line: [ /zfs/dicelab/whalabi/spack/opt/spack/linux-ol7-x86_64/gcc-8.2.0/azureiot-LTS_05_2020_Ref01-a2pnxieq52aotmriv5ttn3l3rdybjjio/include]
  ignore line: [ /zfs/dicelab/whalabi/spack/opt/spack/linux-ol7-x86_64/gcc-8.2.0/libuuid-1.0.3-yhv4tlmwrh34jvzqjj7edzp6vefp6wgm/include]
  ignore line: [ /zfs/dicelab/whalabi/spack/opt/spack/linux-ol7-x86_64/gcc-8.2.0/curl-7.68.0-73mdh5wn5s7imur4xrviue5vr3t2tasw/include]
  ignore line: [ /software/gcc/8.2.0/include/c++/8.2.0]
  ignore line: [ /software/gcc/8.2.0/lib/gcc/x86_64-pc-linux-gnu/8.2.0/../../../../include/c++/8.2.0/x86_64-pc-linux-gnu]
  ignore line: [ /software/gcc/8.2.0/lib/gcc/x86_64-pc-linux-gnu/8.2.0/../../../../include/c++/8.2.0/backward]
  ignore line: [ /software/gcc/8.2.0/lib/gcc/x86_64-pc-linux-gnu/8.2.0/include]
  ignore line: [ /usr/local/include]
  ignore line: [ /software/gcc/8.2.0/include]
  ignore line: [ /software/gcc/8.2.0/lib/gcc/x86_64-pc-linux-gnu/8.2.0/include-fixed]
  ignore line: [ /usr/include]
  ignore line: [End of search list.]
  ignore line: [GNU C++14 (GCC) version 8.2.0 (x86_64-pc-linux-gnu)]
  ignore line: [	compiled by GNU C version 4.8.5 20150623 (Red Hat 4.8.5-28.0.1)  GMP version 6.1.0  MPFR version 3.1.4  MPC version 1.0.3  isl version isl-0.18-GMP]
  ignore line: []
  ignore line: [GGC heuristics: --param ggc-min-expand=100 --param ggc-min-heapsize=131072]
  ignore line: [Compiler executable checksum: 27839970e991a35c2b43e4f5d360253c]
  ignore line: [COLLECT_GCC_OPTIONS='-v' '-o' 'CMakeFiles/cmTC_e1f2c.dir/CMakeCXXCompilerABI.cpp.o' '-c' '-shared-libgcc' '-mtune=generic' '-march=x86-64']
  ignore line: [ as -v --64 -o CMakeFiles/cmTC_e1f2c.dir/CMakeCXXCompilerABI.cpp.o /local_scratch/pbs.9084869.pbs02/cct0ndso.s]
  ignore line: [GNU assembler version 2.27 (x86_64-redhat-linux) using BFD version version 2.27-41.base.0.5.el7_7.1]
  ignore line: [COMPILER_PATH=/software/gcc/8.2.0/libexec/gcc/x86_64-pc-linux-gnu/8.2.0/:/software/gcc/8.2.0/libexec/gcc/x86_64-pc-linux-gnu/8.2.0/:/software/gcc/8.2.0/libexec/gcc/x86_64-pc-linux-gnu/:/software/gcc/8.2.0/lib/gcc/x86_64-pc-linux-gnu/8.2.0/:/software/gcc/8.2.0/lib/gcc/x86_64-pc-linux-gnu/]
  ignore line: [LIBRARY_PATH=/zfs/dicelab/whalabi/spack/opt/spack/linux-ol7-x86_64/gcc-8.2.0/azureiot-LTS_05_2020_Ref01-a2pnxieq52aotmriv5ttn3l3rdybjjio/lib64/../lib64/:/software/gcc/8.2.0/lib64/../lib64/:/software/gcc/8.2.0/lib/gcc/x86_64-pc-linux-gnu/8.2.0/:/software/gcc/8.2.0/lib/gcc/x86_64-pc-linux-gnu/8.2.0/../../../../lib64/:/lib/../lib64/:/usr/lib/../lib64/:/zfs/dicelab/whalabi/spack/opt/spack/linux-ol7-x86_64/gcc-8.2.0/openssl-1.0.2k-mfyfgrv437fyhctjizyhra2knoyegfo3/lib/:/zfs/dicelab/whalabi/spack/opt/spack/linux-ol7-x86_64/gcc-8.2.0/zlib-1.2.11-sb2y3xuxzdli7fr7jvro4m3noreld46z/lib/:/zfs/dicelab/whalabi/spack/opt/spack/linux-ol7-x86_64/gcc-8.2.0/ncurses-6.1-p5t4vkc67jyr36nqnzugvyi4waxkdn7d/lib/:/zfs/dicelab/whalabi/spack/opt/spack/linux-ol7-x86_64/gcc-8.2.0/azureiot-LTS_05_2020_Ref01-a2pnxieq52aotmriv5ttn3l3rdybjjio/lib64/:/zfs/dicelab/whalabi/spack/opt/spack/linux-ol7-x86_64/gcc-8.2.0/libuuid-1.0.3-yhv4tlmwrh34jvzqjj7edzp6vefp6wgm/lib/:/zfs/dicelab/whalabi/spack/opt/spack/linux-ol7-x86_64/gcc-8.2.0/curl-7.68.0-73mdh5wn5s7imur4xrviue5vr3t2tasw/lib/:/zfs/dicelab/whalabi/spack/opt/spack/linux-ol7-x86_64/gcc-8.2.0/openssl-1.0.2k-mfyfgrv437fyhctjizyhra2knoyegfo3/lib/:/zfs/dicelab/whalabi/spack/opt/spack/linux-ol7-x86_64/gcc-8.2.0/zlib-1.2.11-sb2y3xuxzdli7fr7jvro4m3noreld46z/lib/:/software/gcc/8.2.0/lib64/:/software/gcc/8.2.0/lib/gcc/x86_64-pc-linux-gnu/8.2.0/../../../:/lib/:/usr/lib/]
  ignore line: [COLLECT_GCC_OPTIONS='-v' '-o' 'CMakeFiles/cmTC_e1f2c.dir/CMakeCXXCompilerABI.cpp.o' '-c' '-shared-libgcc' '-mtune=generic' '-march=x86-64']
  ignore line: [Linking CXX executable cmTC_e1f2c]
  ignore line: [/zfs/dicelab/whalabi/spack/opt/spack/linux-ol7-x86_64/gcc-8.2.0/cmake-3.16.2-2iriv5kxhkr7jnrbudz46qzkdywmjgnn/bin/cmake -E cmake_link_script CMakeFiles/cmTC_e1f2c.dir/link.txt --verbose=1]
  ignore line: [/software/gcc/8.2.0/bin/g++      -v -rdynamic CMakeFiles/cmTC_e1f2c.dir/CMakeCXXCompilerABI.cpp.o  -o cmTC_e1f2c ]
  ignore line: [Using built-in specs.]
  ignore line: [COLLECT_GCC=/software/gcc/8.2.0/bin/g++]
  ignore line: [COLLECT_LTO_WRAPPER=/software/gcc/8.2.0/libexec/gcc/x86_64-pc-linux-gnu/8.2.0/lto-wrapper]
  ignore line: [Target: x86_64-pc-linux-gnu]
  ignore line: [Configured with: ../configure --prefix=/software/gcc/8.2.0 --enable-languages=c c++ fortran --disable-libquadmath --disable-libquadmath-support --disable-werror --disable-multilib --disable-bootstrap]
  ignore line: [Thread model: posix]
  ignore line: [gcc version 8.2.0 (GCC) ]
  ignore line: [COMPILER_PATH=/software/gcc/8.2.0/libexec/gcc/x86_64-pc-linux-gnu/8.2.0/:/software/gcc/8.2.0/libexec/gcc/x86_64-pc-linux-gnu/8.2.0/:/software/gcc/8.2.0/libexec/gcc/x86_64-pc-linux-gnu/:/software/gcc/8.2.0/lib/gcc/x86_64-pc-linux-gnu/8.2.0/:/software/gcc/8.2.0/lib/gcc/x86_64-pc-linux-gnu/]
  ignore line: [LIBRARY_PATH=/zfs/dicelab/whalabi/spack/opt/spack/linux-ol7-x86_64/gcc-8.2.0/azureiot-LTS_05_2020_Ref01-a2pnxieq52aotmriv5ttn3l3rdybjjio/lib64/../lib64/:/software/gcc/8.2.0/lib64/../lib64/:/software/gcc/8.2.0/lib/gcc/x86_64-pc-linux-gnu/8.2.0/:/software/gcc/8.2.0/lib/gcc/x86_64-pc-linux-gnu/8.2.0/../../../../lib64/:/lib/../lib64/:/usr/lib/../lib64/:/zfs/dicelab/whalabi/spack/opt/spack/linux-ol7-x86_64/gcc-8.2.0/openssl-1.0.2k-mfyfgrv437fyhctjizyhra2knoyegfo3/lib/:/zfs/dicelab/whalabi/spack/opt/spack/linux-ol7-x86_64/gcc-8.2.0/zlib-1.2.11-sb2y3xuxzdli7fr7jvro4m3noreld46z/lib/:/zfs/dicelab/whalabi/spack/opt/spack/linux-ol7-x86_64/gcc-8.2.0/ncurses-6.1-p5t4vkc67jyr36nqnzugvyi4waxkdn7d/lib/:/zfs/dicelab/whalabi/spack/opt/spack/linux-ol7-x86_64/gcc-8.2.0/azureiot-LTS_05_2020_Ref01-a2pnxieq52aotmriv5ttn3l3rdybjjio/lib64/:/zfs/dicelab/whalabi/spack/opt/spack/linux-ol7-x86_64/gcc-8.2.0/libuuid-1.0.3-yhv4tlmwrh34jvzqjj7edzp6vefp6wgm/lib/:/zfs/dicelab/whalabi/spack/opt/spack/linux-ol7-x86_64/gcc-8.2.0/curl-7.68.0-73mdh5wn5s7imur4xrviue5vr3t2tasw/lib/:/zfs/dicelab/whalabi/spack/opt/spack/linux-ol7-x86_64/gcc-8.2.0/openssl-1.0.2k-mfyfgrv437fyhctjizyhra2knoyegfo3/lib/:/zfs/dicelab/whalabi/spack/opt/spack/linux-ol7-x86_64/gcc-8.2.0/zlib-1.2.11-sb2y3xuxzdli7fr7jvro4m3noreld46z/lib/:/software/gcc/8.2.0/lib64/:/software/gcc/8.2.0/lib/gcc/x86_64-pc-linux-gnu/8.2.0/../../../:/lib/:/usr/lib/]
  ignore line: [COLLECT_GCC_OPTIONS='-v' '-rdynamic' '-o' 'cmTC_e1f2c' '-shared-libgcc' '-mtune=generic' '-march=x86-64']
  link line: [ /software/gcc/8.2.0/libexec/gcc/x86_64-pc-linux-gnu/8.2.0/collect2 -plugin /software/gcc/8.2.0/libexec/gcc/x86_64-pc-linux-gnu/8.2.0/liblto_plugin.so -plugin-opt=/software/gcc/8.2.0/libexec/gcc/x86_64-pc-linux-gnu/8.2.0/lto-wrapper -plugin-opt=-fresolution=/local_scratch/pbs.9084869.pbs02/cc17o0ct.res -plugin-opt=-pass-through=-lgcc_s -plugin-opt=-pass-through=-lgcc -plugin-opt=-pass-through=-lc -plugin-opt=-pass-through=-lgcc_s -plugin-opt=-pass-through=-lgcc --eh-frame-hdr -m elf_x86_64 -export-dynamic -dynamic-linker /lib64/ld-linux-x86-64.so.2 -o cmTC_e1f2c /lib/../lib64/crt1.o /lib/../lib64/crti.o /software/gcc/8.2.0/lib/gcc/x86_64-pc-linux-gnu/8.2.0/crtbegin.o -L/zfs/dicelab/whalabi/spack/opt/spack/linux-ol7-x86_64/gcc-8.2.0/azureiot-LTS_05_2020_Ref01-a2pnxieq52aotmriv5ttn3l3rdybjjio/lib64/../lib64 -L/software/gcc/8.2.0/lib64/../lib64 -L/software/gcc/8.2.0/lib/gcc/x86_64-pc-linux-gnu/8.2.0 -L/software/gcc/8.2.0/lib/gcc/x86_64-pc-linux-gnu/8.2.0/../../../../lib64 -L/lib/../lib64 -L/usr/lib/../lib64 -L/zfs/dicelab/whalabi/spack/opt/spack/linux-ol7-x86_64/gcc-8.2.0/openssl-1.0.2k-mfyfgrv437fyhctjizyhra2knoyegfo3/lib -L/zfs/dicelab/whalabi/spack/opt/spack/linux-ol7-x86_64/gcc-8.2.0/zlib-1.2.11-sb2y3xuxzdli7fr7jvro4m3noreld46z/lib -L/zfs/dicelab/whalabi/spack/opt/spack/linux-ol7-x86_64/gcc-8.2.0/ncurses-6.1-p5t4vkc67jyr36nqnzugvyi4waxkdn7d/lib -L/zfs/dicelab/whalabi/spack/opt/spack/linux-ol7-x86_64/gcc-8.2.0/azureiot-LTS_05_2020_Ref01-a2pnxieq52aotmriv5ttn3l3rdybjjio/lib64 -L/zfs/dicelab/whalabi/spack/opt/spack/linux-ol7-x86_64/gcc-8.2.0/libuuid-1.0.3-yhv4tlmwrh34jvzqjj7edzp6vefp6wgm/lib -L/zfs/dicelab/whalabi/spack/opt/spack/linux-ol7-x86_64/gcc-8.2.0/curl-7.68.0-73mdh5wn5s7imur4xrviue5vr3t2tasw/lib -L/zfs/dicelab/whalabi/spack/opt/spack/linux-ol7-x86_64/gcc-8.2.0/openssl-1.0.2k-mfyfgrv437fyhctjizyhra2knoyegfo3/lib -L/zfs/dicelab/whalabi/spack/opt/spack/linux-ol7-x86_64/gcc-8.2.0/zlib-1.2.11-sb2y3xuxzdli7fr7jvro4m3noreld46z/lib -L/software/gcc/8.2.0/lib64 -L/software/gcc/8.2.0/lib/gcc/x86_64-pc-linux-gnu/8.2.0/../../.. CMakeFiles/cmTC_e1f2c.dir/CMakeCXXCompilerABI.cpp.o -lstdc++ -lm -lgcc_s -lgcc -lc -lgcc_s -lgcc /software/gcc/8.2.0/lib/gcc/x86_64-pc-linux-gnu/8.2.0/crtend.o /lib/../lib64/crtn.o]
    arg [/software/gcc/8.2.0/libexec/gcc/x86_64-pc-linux-gnu/8.2.0/collect2] ==> ignore
    arg [-plugin] ==> ignore
    arg [/software/gcc/8.2.0/libexec/gcc/x86_64-pc-linux-gnu/8.2.0/liblto_plugin.so] ==> ignore
    arg [-plugin-opt=/software/gcc/8.2.0/libexec/gcc/x86_64-pc-linux-gnu/8.2.0/lto-wrapper] ==> ignore
    arg [-plugin-opt=-fresolution=/local_scratch/pbs.9084869.pbs02/cc17o0ct.res] ==> ignore
    arg [-plugin-opt=-pass-through=-lgcc_s] ==> ignore
    arg [-plugin-opt=-pass-through=-lgcc] ==> ignore
    arg [-plugin-opt=-pass-through=-lc] ==> ignore
    arg [-plugin-opt=-pass-through=-lgcc_s] ==> ignore
    arg [-plugin-opt=-pass-through=-lgcc] ==> ignore
    arg [--eh-frame-hdr] ==> ignore
    arg [-m] ==> ignore
    arg [elf_x86_64] ==> ignore
    arg [-export-dynamic] ==> ignore
    arg [-dynamic-linker] ==> ignore
    arg [/lib64/ld-linux-x86-64.so.2] ==> ignore
    arg [-o] ==> ignore
    arg [cmTC_e1f2c] ==> ignore
    arg [/lib/../lib64/crt1.o] ==> ignore
    arg [/lib/../lib64/crti.o] ==> ignore
    arg [/software/gcc/8.2.0/lib/gcc/x86_64-pc-linux-gnu/8.2.0/crtbegin.o] ==> ignore
    arg [-L/zfs/dicelab/whalabi/spack/opt/spack/linux-ol7-x86_64/gcc-8.2.0/azureiot-LTS_05_2020_Ref01-a2pnxieq52aotmriv5ttn3l3rdybjjio/lib64/../lib64] ==> dir [/zfs/dicelab/whalabi/spack/opt/spack/linux-ol7-x86_64/gcc-8.2.0/azureiot-LTS_05_2020_Ref01-a2pnxieq52aotmriv5ttn3l3rdybjjio/lib64/../lib64]
    arg [-L/software/gcc/8.2.0/lib64/../lib64] ==> dir [/software/gcc/8.2.0/lib64/../lib64]
    arg [-L/software/gcc/8.2.0/lib/gcc/x86_64-pc-linux-gnu/8.2.0] ==> dir [/software/gcc/8.2.0/lib/gcc/x86_64-pc-linux-gnu/8.2.0]
    arg [-L/software/gcc/8.2.0/lib/gcc/x86_64-pc-linux-gnu/8.2.0/../../../../lib64] ==> dir [/software/gcc/8.2.0/lib/gcc/x86_64-pc-linux-gnu/8.2.0/../../../../lib64]
    arg [-L/lib/../lib64] ==> dir [/lib/../lib64]
    arg [-L/usr/lib/../lib64] ==> dir [/usr/lib/../lib64]
    arg [-L/zfs/dicelab/whalabi/spack/opt/spack/linux-ol7-x86_64/gcc-8.2.0/openssl-1.0.2k-mfyfgrv437fyhctjizyhra2knoyegfo3/lib] ==> dir [/zfs/dicelab/whalabi/spack/opt/spack/linux-ol7-x86_64/gcc-8.2.0/openssl-1.0.2k-mfyfgrv437fyhctjizyhra2knoyegfo3/lib]
    arg [-L/zfs/dicelab/whalabi/spack/opt/spack/linux-ol7-x86_64/gcc-8.2.0/zlib-1.2.11-sb2y3xuxzdli7fr7jvro4m3noreld46z/lib] ==> dir [/zfs/dicelab/whalabi/spack/opt/spack/linux-ol7-x86_64/gcc-8.2.0/zlib-1.2.11-sb2y3xuxzdli7fr7jvro4m3noreld46z/lib]
    arg [-L/zfs/dicelab/whalabi/spack/opt/spack/linux-ol7-x86_64/gcc-8.2.0/ncurses-6.1-p5t4vkc67jyr36nqnzugvyi4waxkdn7d/lib] ==> dir [/zfs/dicelab/whalabi/spack/opt/spack/linux-ol7-x86_64/gcc-8.2.0/ncurses-6.1-p5t4vkc67jyr36nqnzugvyi4waxkdn7d/lib]
    arg [-L/zfs/dicelab/whalabi/spack/opt/spack/linux-ol7-x86_64/gcc-8.2.0/azureiot-LTS_05_2020_Ref01-a2pnxieq52aotmriv5ttn3l3rdybjjio/lib64] ==> dir [/zfs/dicelab/whalabi/spack/opt/spack/linux-ol7-x86_64/gcc-8.2.0/azureiot-LTS_05_2020_Ref01-a2pnxieq52aotmriv5ttn3l3rdybjjio/lib64]
    arg [-L/zfs/dicelab/whalabi/spack/opt/spack/linux-ol7-x86_64/gcc-8.2.0/libuuid-1.0.3-yhv4tlmwrh34jvzqjj7edzp6vefp6wgm/lib] ==> dir [/zfs/dicelab/whalabi/spack/opt/spack/linux-ol7-x86_64/gcc-8.2.0/libuuid-1.0.3-yhv4tlmwrh34jvzqjj7edzp6vefp6wgm/lib]
    arg [-L/zfs/dicelab/whalabi/spack/opt/spack/linux-ol7-x86_64/gcc-8.2.0/curl-7.68.0-73mdh5wn5s7imur4xrviue5vr3t2tasw/lib] ==> dir [/zfs/dicelab/whalabi/spack/opt/spack/linux-ol7-x86_64/gcc-8.2.0/curl-7.68.0-73mdh5wn5s7imur4xrviue5vr3t2tasw/lib]
    arg [-L/zfs/dicelab/whalabi/spack/opt/spack/linux-ol7-x86_64/gcc-8.2.0/openssl-1.0.2k-mfyfgrv437fyhctjizyhra2knoyegfo3/lib] ==> dir [/zfs/dicelab/whalabi/spack/opt/spack/linux-ol7-x86_64/gcc-8.2.0/openssl-1.0.2k-mfyfgrv437fyhctjizyhra2knoyegfo3/lib]
    arg [-L/zfs/dicelab/whalabi/spack/opt/spack/linux-ol7-x86_64/gcc-8.2.0/zlib-1.2.11-sb2y3xuxzdli7fr7jvro4m3noreld46z/lib] ==> dir [/zfs/dicelab/whalabi/spack/opt/spack/linux-ol7-x86_64/gcc-8.2.0/zlib-1.2.11-sb2y3xuxzdli7fr7jvro4m3noreld46z/lib]
    arg [-L/software/gcc/8.2.0/lib64] ==> dir [/software/gcc/8.2.0/lib64]
    arg [-L/software/gcc/8.2.0/lib/gcc/x86_64-pc-linux-gnu/8.2.0/../../..] ==> dir [/software/gcc/8.2.0/lib/gcc/x86_64-pc-linux-gnu/8.2.0/../../..]
    arg [CMakeFiles/cmTC_e1f2c.dir/CMakeCXXCompilerABI.cpp.o] ==> ignore
    arg [-lstdc++] ==> lib [stdc++]
    arg [-lm] ==> lib [m]
    arg [-lgcc_s] ==> lib [gcc_s]
    arg [-lgcc] ==> lib [gcc]
    arg [-lc] ==> lib [c]
    arg [-lgcc_s] ==> lib [gcc_s]
    arg [-lgcc] ==> lib [gcc]
    arg [/software/gcc/8.2.0/lib/gcc/x86_64-pc-linux-gnu/8.2.0/crtend.o] ==> ignore
    arg [/lib/../lib64/crtn.o] ==> ignore
  collapse library dir [/zfs/dicelab/whalabi/spack/opt/spack/linux-ol7-x86_64/gcc-8.2.0/azureiot-LTS_05_2020_Ref01-a2pnxieq52aotmriv5ttn3l3rdybjjio/lib64/../lib64] ==> [/zfs/dicelab/whalabi/spack/opt/spack/linux-ol7-x86_64/gcc-8.2.0/azureiot-LTS_05_2020_Ref01-a2pnxieq52aotmriv5ttn3l3rdybjjio/lib64]
  collapse library dir [/software/gcc/8.2.0/lib64/../lib64] ==> [/software/gcc/8.2.0/lib64]
  collapse library dir [/software/gcc/8.2.0/lib/gcc/x86_64-pc-linux-gnu/8.2.0] ==> [/software/gcc/8.2.0/lib/gcc/x86_64-pc-linux-gnu/8.2.0]
  collapse library dir [/software/gcc/8.2.0/lib/gcc/x86_64-pc-linux-gnu/8.2.0/../../../../lib64] ==> [/software/gcc/8.2.0/lib64]
  collapse library dir [/lib/../lib64] ==> [/lib64]
  collapse library dir [/usr/lib/../lib64] ==> [/usr/lib64]
  collapse library dir [/zfs/dicelab/whalabi/spack/opt/spack/linux-ol7-x86_64/gcc-8.2.0/openssl-1.0.2k-mfyfgrv437fyhctjizyhra2knoyegfo3/lib] ==> [/zfs/dicelab/whalabi/spack/opt/spack/linux-ol7-x86_64/gcc-8.2.0/openssl-1.0.2k-mfyfgrv437fyhctjizyhra2knoyegfo3/lib]
  collapse library dir [/zfs/dicelab/whalabi/spack/opt/spack/linux-ol7-x86_64/gcc-8.2.0/zlib-1.2.11-sb2y3xuxzdli7fr7jvro4m3noreld46z/lib] ==> [/zfs/dicelab/whalabi/spack/opt/spack/linux-ol7-x86_64/gcc-8.2.0/zlib-1.2.11-sb2y3xuxzdli7fr7jvro4m3noreld46z/lib]
  collapse library dir [/zfs/dicelab/whalabi/spack/opt/spack/linux-ol7-x86_64/gcc-8.2.0/ncurses-6.1-p5t4vkc67jyr36nqnzugvyi4waxkdn7d/lib] ==> [/zfs/dicelab/whalabi/spack/opt/spack/linux-ol7-x86_64/gcc-8.2.0/ncurses-6.1-p5t4vkc67jyr36nqnzugvyi4waxkdn7d/lib]
  collapse library dir [/zfs/dicelab/whalabi/spack/opt/spack/linux-ol7-x86_64/gcc-8.2.0/azureiot-LTS_05_2020_Ref01-a2pnxieq52aotmriv5ttn3l3rdybjjio/lib64] ==> [/zfs/dicelab/whalabi/spack/opt/spack/linux-ol7-x86_64/gcc-8.2.0/azureiot-LTS_05_2020_Ref01-a2pnxieq52aotmriv5ttn3l3rdybjjio/lib64]
  collapse library dir [/zfs/dicelab/whalabi/spack/opt/spack/linux-ol7-x86_64/gcc-8.2.0/libuuid-1.0.3-yhv4tlmwrh34jvzqjj7edzp6vefp6wgm/lib] ==> [/zfs/dicelab/whalabi/spack/opt/spack/linux-ol7-x86_64/gcc-8.2.0/libuuid-1.0.3-yhv4tlmwrh34jvzqjj7edzp6vefp6wgm/lib]
  collapse library dir [/zfs/dicelab/whalabi/spack/opt/spack/linux-ol7-x86_64/gcc-8.2.0/curl-7.68.0-73mdh5wn5s7imur4xrviue5vr3t2tasw/lib] ==> [/zfs/dicelab/whalabi/spack/opt/spack/linux-ol7-x86_64/gcc-8.2.0/curl-7.68.0-73mdh5wn5s7imur4xrviue5vr3t2tasw/lib]
  collapse library dir [/zfs/dicelab/whalabi/spack/opt/spack/linux-ol7-x86_64/gcc-8.2.0/openssl-1.0.2k-mfyfgrv437fyhctjizyhra2knoyegfo3/lib] ==> [/zfs/dicelab/whalabi/spack/opt/spack/linux-ol7-x86_64/gcc-8.2.0/openssl-1.0.2k-mfyfgrv437fyhctjizyhra2knoyegfo3/lib]
  collapse library dir [/zfs/dicelab/whalabi/spack/opt/spack/linux-ol7-x86_64/gcc-8.2.0/zlib-1.2.11-sb2y3xuxzdli7fr7jvro4m3noreld46z/lib] ==> [/zfs/dicelab/whalabi/spack/opt/spack/linux-ol7-x86_64/gcc-8.2.0/zlib-1.2.11-sb2y3xuxzdli7fr7jvro4m3noreld46z/lib]
  collapse library dir [/software/gcc/8.2.0/lib64] ==> [/software/gcc/8.2.0/lib64]
  collapse library dir [/software/gcc/8.2.0/lib/gcc/x86_64-pc-linux-gnu/8.2.0/../../..] ==> [/software/gcc/8.2.0/lib]
  implicit libs: [stdc++;m;gcc_s;gcc;c;gcc_s;gcc]
  implicit dirs: [/zfs/dicelab/whalabi/spack/opt/spack/linux-ol7-x86_64/gcc-8.2.0/azureiot-LTS_05_2020_Ref01-a2pnxieq52aotmriv5ttn3l3rdybjjio/lib64;/software/gcc/8.2.0/lib64;/software/gcc/8.2.0/lib/gcc/x86_64-pc-linux-gnu/8.2.0;/lib64;/usr/lib64;/zfs/dicelab/whalabi/spack/opt/spack/linux-ol7-x86_64/gcc-8.2.0/openssl-1.0.2k-mfyfgrv437fyhctjizyhra2knoyegfo3/lib;/zfs/dicelab/whalabi/spack/opt/spack/linux-ol7-x86_64/gcc-8.2.0/zlib-1.2.11-sb2y3xuxzdli7fr7jvro4m3noreld46z/lib;/zfs/dicelab/whalabi/spack/opt/spack/linux-ol7-x86_64/gcc-8.2.0/ncurses-6.1-p5t4vkc67jyr36nqnzugvyi4waxkdn7d/lib;/zfs/dicelab/whalabi/spack/opt/spack/linux-ol7-x86_64/gcc-8.2.0/libuuid-1.0.3-yhv4tlmwrh34jvzqjj7edzp6vefp6wgm/lib;/zfs/dicelab/whalabi/spack/opt/spack/linux-ol7-x86_64/gcc-8.2.0/curl-7.68.0-73mdh5wn5s7imur4xrviue5vr3t2tasw/lib;/software/gcc/8.2.0/lib]
  implicit fwks: []


Determining if the C compiler works passed with the following output:
Change Dir: /zfs/dicelab/DigitalPlant/C_Synthetic_Data_Generator/cmake/CMakeFiles/CMakeTmp

Run Build Command(s):/bin/gmake cmTC_c13b9/fast && /bin/gmake -f CMakeFiles/cmTC_c13b9.dir/build.make CMakeFiles/cmTC_c13b9.dir/build
gmake[1]: Entering directory `/zfs/dicelab/DigitalPlant/C_Synthetic_Data_Generator/cmake/CMakeFiles/CMakeTmp'
Building C object CMakeFiles/cmTC_c13b9.dir/testCCompiler.c.o
/software/gcc/8.2.0/bin/gcc    -o CMakeFiles/cmTC_c13b9.dir/testCCompiler.c.o   -c /zfs/dicelab/DigitalPlant/C_Synthetic_Data_Generator/cmake/CMakeFiles/CMakeTmp/testCCompiler.c
Linking C executable cmTC_c13b9
/zfs/dicelab/whalabi/spack/opt/spack/linux-ol7-x86_64/gcc-8.2.0/cmake-3.16.2-2iriv5kxhkr7jnrbudz46qzkdywmjgnn/bin/cmake -E cmake_link_script CMakeFiles/cmTC_c13b9.dir/link.txt --verbose=1
/software/gcc/8.2.0/bin/gcc      -rdynamic CMakeFiles/cmTC_c13b9.dir/testCCompiler.c.o  -o cmTC_c13b9 
gmake[1]: Leaving directory `/zfs/dicelab/DigitalPlant/C_Synthetic_Data_Generator/cmake/CMakeFiles/CMakeTmp'



Detecting C compiler ABI info compiled with the following output:
Change Dir: /zfs/dicelab/DigitalPlant/C_Synthetic_Data_Generator/cmake/CMakeFiles/CMakeTmp

Run Build Command(s):/bin/gmake cmTC_23fb8/fast && /bin/gmake -f CMakeFiles/cmTC_23fb8.dir/build.make CMakeFiles/cmTC_23fb8.dir/build
gmake[1]: Entering directory `/zfs/dicelab/DigitalPlant/C_Synthetic_Data_Generator/cmake/CMakeFiles/CMakeTmp'
Building C object CMakeFiles/cmTC_23fb8.dir/CMakeCCompilerABI.c.o
/software/gcc/8.2.0/bin/gcc   -v -o CMakeFiles/cmTC_23fb8.dir/CMakeCCompilerABI.c.o   -c /zfs/dicelab/whalabi/spack/opt/spack/linux-ol7-x86_64/gcc-8.2.0/cmake-3.16.2-2iriv5kxhkr7jnrbudz46qzkdywmjgnn/share/cmake-3.16/Modules/CMakeCCompilerABI.c
Using built-in specs.
COLLECT_GCC=/software/gcc/8.2.0/bin/gcc
Target: x86_64-pc-linux-gnu
Configured with: ../configure --prefix=/software/gcc/8.2.0 --enable-languages=c,c++,fortran --disable-libquadmath --disable-libquadmath-support --disable-werror --disable-multilib --disable-bootstrap
Thread model: posix
gcc version 8.2.0 (GCC) 
COLLECT_GCC_OPTIONS='-v' '-o' 'CMakeFiles/cmTC_23fb8.dir/CMakeCCompilerABI.c.o' '-c' '-mtune=generic' '-march=x86-64'
 /software/gcc/8.2.0/libexec/gcc/x86_64-pc-linux-gnu/8.2.0/cc1 -quiet -v /zfs/dicelab/whalabi/spack/opt/spack/linux-ol7-x86_64/gcc-8.2.0/cmake-3.16.2-2iriv5kxhkr7jnrbudz46qzkdywmjgnn/share/cmake-3.16/Modules/CMakeCCompilerABI.c -quiet -dumpbase CMakeCCompilerABI.c -mtune=generic -march=x86-64 -auxbase-strip CMakeFiles/cmTC_23fb8.dir/CMakeCCompilerABI.c.o -version -o /local_scratch/pbs.9084869.pbs02/ccQ7iaeQ.s
GNU C17 (GCC) version 8.2.0 (x86_64-pc-linux-gnu)
	compiled by GNU C version 4.8.5 20150623 (Red Hat 4.8.5-28.0.1), GMP version 6.1.0, MPFR version 3.1.4, MPC version 1.0.3, isl version isl-0.18-GMP

GGC heuristics: --param ggc-min-expand=100 --param ggc-min-heapsize=131072
ignoring nonexistent directory "/software/gcc/8.2.0/lib/gcc/x86_64-pc-linux-gnu/8.2.0/../../../../x86_64-pc-linux-gnu/include"
ignoring duplicate directory "/zfs/dicelab/whalabi/spack/opt/spack/linux-ol7-x86_64/gcc-8.2.0/openssl-1.0.2k-mfyfgrv437fyhctjizyhra2knoyegfo3/include"
ignoring duplicate directory "/zfs/dicelab/whalabi/spack/opt/spack/linux-ol7-x86_64/gcc-8.2.0/zlib-1.2.11-sb2y3xuxzdli7fr7jvro4m3noreld46z/include"
#include "..." search starts here:
#include <...> search starts here:
 /zfs/dicelab/whalabi/spack/opt/spack/linux-ol7-x86_64/gcc-8.2.0/openssl-1.0.2k-mfyfgrv437fyhctjizyhra2knoyegfo3/include
 /zfs/dicelab/whalabi/spack/opt/spack/linux-ol7-x86_64/gcc-8.2.0/zlib-1.2.11-sb2y3xuxzdli7fr7jvro4m3noreld46z/include
 /zfs/dicelab/whalabi/spack/opt/spack/linux-ol7-x86_64/gcc-8.2.0/ncurses-6.1-p5t4vkc67jyr36nqnzugvyi4waxkdn7d/include
 /zfs/dicelab/whalabi/spack/opt/spack/linux-ol7-x86_64/gcc-8.2.0/azureiot-LTS_05_2020_Ref01-a2pnxieq52aotmriv5ttn3l3rdybjjio/include
 /zfs/dicelab/whalabi/spack/opt/spack/linux-ol7-x86_64/gcc-8.2.0/libuuid-1.0.3-yhv4tlmwrh34jvzqjj7edzp6vefp6wgm/include
 /zfs/dicelab/whalabi/spack/opt/spack/linux-ol7-x86_64/gcc-8.2.0/curl-7.68.0-73mdh5wn5s7imur4xrviue5vr3t2tasw/include
 /software/gcc/8.2.0/lib/gcc/x86_64-pc-linux-gnu/8.2.0/include
 /usr/local/include
 /software/gcc/8.2.0/include
 /software/gcc/8.2.0/lib/gcc/x86_64-pc-linux-gnu/8.2.0/include-fixed
 /usr/include
End of search list.
GNU C17 (GCC) version 8.2.0 (x86_64-pc-linux-gnu)
	compiled by GNU C version 4.8.5 20150623 (Red Hat 4.8.5-28.0.1), GMP version 6.1.0, MPFR version 3.1.4, MPC version 1.0.3, isl version isl-0.18-GMP

GGC heuristics: --param ggc-min-expand=100 --param ggc-min-heapsize=131072
Compiler executable checksum: a95ba14766a8dff6d085cded998bd113
COLLECT_GCC_OPTIONS='-v' '-o' 'CMakeFiles/cmTC_23fb8.dir/CMakeCCompilerABI.c.o' '-c' '-mtune=generic' '-march=x86-64'
 as -v --64 -o CMakeFiles/cmTC_23fb8.dir/CMakeCCompilerABI.c.o /local_scratch/pbs.9084869.pbs02/ccQ7iaeQ.s
GNU assembler version 2.27 (x86_64-redhat-linux) using BFD version version 2.27-41.base.0.5.el7_7.1
COMPILER_PATH=/software/gcc/8.2.0/libexec/gcc/x86_64-pc-linux-gnu/8.2.0/:/software/gcc/8.2.0/libexec/gcc/x86_64-pc-linux-gnu/8.2.0/:/software/gcc/8.2.0/libexec/gcc/x86_64-pc-linux-gnu/:/software/gcc/8.2.0/lib/gcc/x86_64-pc-linux-gnu/8.2.0/:/software/gcc/8.2.0/lib/gcc/x86_64-pc-linux-gnu/
LIBRARY_PATH=/zfs/dicelab/whalabi/spack/opt/spack/linux-ol7-x86_64/gcc-8.2.0/azureiot-LTS_05_2020_Ref01-a2pnxieq52aotmriv5ttn3l3rdybjjio/lib64/../lib64/:/software/gcc/8.2.0/lib64/../lib64/:/software/gcc/8.2.0/lib/gcc/x86_64-pc-linux-gnu/8.2.0/:/software/gcc/8.2.0/lib/gcc/x86_64-pc-linux-gnu/8.2.0/../../../../lib64/:/lib/../lib64/:/usr/lib/../lib64/:/zfs/dicelab/whalabi/spack/opt/spack/linux-ol7-x86_64/gcc-8.2.0/openssl-1.0.2k-mfyfgrv437fyhctjizyhra2knoyegfo3/lib/:/zfs/dicelab/whalabi/spack/opt/spack/linux-ol7-x86_64/gcc-8.2.0/zlib-1.2.11-sb2y3xuxzdli7fr7jvro4m3noreld46z/lib/:/zfs/dicelab/whalabi/spack/opt/spack/linux-ol7-x86_64/gcc-8.2.0/ncurses-6.1-p5t4vkc67jyr36nqnzugvyi4waxkdn7d/lib/:/zfs/dicelab/whalabi/spack/opt/spack/linux-ol7-x86_64/gcc-8.2.0/azureiot-LTS_05_2020_Ref01-a2pnxieq52aotmriv5ttn3l3rdybjjio/lib64/:/zfs/dicelab/whalabi/spack/opt/spack/linux-ol7-x86_64/gcc-8.2.0/libuuid-1.0.3-yhv4tlmwrh34jvzqjj7edzp6vefp6wgm/lib/:/zfs/dicelab/whalabi/spack/opt/spack/linux-ol7-x86_64/gcc-8.2.0/curl-7.68.0-73mdh5wn5s7imur4xrviue5vr3t2tasw/lib/:/zfs/dicelab/whalabi/spack/opt/spack/linux-ol7-x86_64/gcc-8.2.0/openssl-1.0.2k-mfyfgrv437fyhctjizyhra2knoyegfo3/lib/:/zfs/dicelab/whalabi/spack/opt/spack/linux-ol7-x86_64/gcc-8.2.0/zlib-1.2.11-sb2y3xuxzdli7fr7jvro4m3noreld46z/lib/:/software/gcc/8.2.0/lib64/:/software/gcc/8.2.0/lib/gcc/x86_64-pc-linux-gnu/8.2.0/../../../:/lib/:/usr/lib/
COLLECT_GCC_OPTIONS='-v' '-o' 'CMakeFiles/cmTC_23fb8.dir/CMakeCCompilerABI.c.o' '-c' '-mtune=generic' '-march=x86-64'
Linking C executable cmTC_23fb8
/zfs/dicelab/whalabi/spack/opt/spack/linux-ol7-x86_64/gcc-8.2.0/cmake-3.16.2-2iriv5kxhkr7jnrbudz46qzkdywmjgnn/bin/cmake -E cmake_link_script CMakeFiles/cmTC_23fb8.dir/link.txt --verbose=1
/software/gcc/8.2.0/bin/gcc     -v -rdynamic CMakeFiles/cmTC_23fb8.dir/CMakeCCompilerABI.c.o  -o cmTC_23fb8 
Using built-in specs.
COLLECT_GCC=/software/gcc/8.2.0/bin/gcc
COLLECT_LTO_WRAPPER=/software/gcc/8.2.0/libexec/gcc/x86_64-pc-linux-gnu/8.2.0/lto-wrapper
Target: x86_64-pc-linux-gnu
Configured with: ../configure --prefix=/software/gcc/8.2.0 --enable-languages=c,c++,fortran --disable-libquadmath --disable-libquadmath-support --disable-werror --disable-multilib --disable-bootstrap
Thread model: posix
gcc version 8.2.0 (GCC) 
COMPILER_PATH=/software/gcc/8.2.0/libexec/gcc/x86_64-pc-linux-gnu/8.2.0/:/software/gcc/8.2.0/libexec/gcc/x86_64-pc-linux-gnu/8.2.0/:/software/gcc/8.2.0/libexec/gcc/x86_64-pc-linux-gnu/:/software/gcc/8.2.0/lib/gcc/x86_64-pc-linux-gnu/8.2.0/:/software/gcc/8.2.0/lib/gcc/x86_64-pc-linux-gnu/
LIBRARY_PATH=/zfs/dicelab/whalabi/spack/opt/spack/linux-ol7-x86_64/gcc-8.2.0/azureiot-LTS_05_2020_Ref01-a2pnxieq52aotmriv5ttn3l3rdybjjio/lib64/../lib64/:/software/gcc/8.2.0/lib64/../lib64/:/software/gcc/8.2.0/lib/gcc/x86_64-pc-linux-gnu/8.2.0/:/software/gcc/8.2.0/lib/gcc/x86_64-pc-linux-gnu/8.2.0/../../../../lib64/:/lib/../lib64/:/usr/lib/../lib64/:/zfs/dicelab/whalabi/spack/opt/spack/linux-ol7-x86_64/gcc-8.2.0/openssl-1.0.2k-mfyfgrv437fyhctjizyhra2knoyegfo3/lib/:/zfs/dicelab/whalabi/spack/opt/spack/linux-ol7-x86_64/gcc-8.2.0/zlib-1.2.11-sb2y3xuxzdli7fr7jvro4m3noreld46z/lib/:/zfs/dicelab/whalabi/spack/opt/spack/linux-ol7-x86_64/gcc-8.2.0/ncurses-6.1-p5t4vkc67jyr36nqnzugvyi4waxkdn7d/lib/:/zfs/dicelab/whalabi/spack/opt/spack/linux-ol7-x86_64/gcc-8.2.0/azureiot-LTS_05_2020_Ref01-a2pnxieq52aotmriv5ttn3l3rdybjjio/lib64/:/zfs/dicelab/whalabi/spack/opt/spack/linux-ol7-x86_64/gcc-8.2.0/libuuid-1.0.3-yhv4tlmwrh34jvzqjj7edzp6vefp6wgm/lib/:/zfs/dicelab/whalabi/spack/opt/spack/linux-ol7-x86_64/gcc-8.2.0/curl-7.68.0-73mdh5wn5s7imur4xrviue5vr3t2tasw/lib/:/zfs/dicelab/whalabi/spack/opt/spack/linux-ol7-x86_64/gcc-8.2.0/openssl-1.0.2k-mfyfgrv437fyhctjizyhra2knoyegfo3/lib/:/zfs/dicelab/whalabi/spack/opt/spack/linux-ol7-x86_64/gcc-8.2.0/zlib-1.2.11-sb2y3xuxzdli7fr7jvro4m3noreld46z/lib/:/software/gcc/8.2.0/lib64/:/software/gcc/8.2.0/lib/gcc/x86_64-pc-linux-gnu/8.2.0/../../../:/lib/:/usr/lib/
COLLECT_GCC_OPTIONS='-v' '-rdynamic' '-o' 'cmTC_23fb8' '-mtune=generic' '-march=x86-64'
 /software/gcc/8.2.0/libexec/gcc/x86_64-pc-linux-gnu/8.2.0/collect2 -plugin /software/gcc/8.2.0/libexec/gcc/x86_64-pc-linux-gnu/8.2.0/liblto_plugin.so -plugin-opt=/software/gcc/8.2.0/libexec/gcc/x86_64-pc-linux-gnu/8.2.0/lto-wrapper -plugin-opt=-fresolution=/local_scratch/pbs.9084869.pbs02/ccyQVZYR.res -plugin-opt=-pass-through=-lgcc -plugin-opt=-pass-through=-lgcc_s -plugin-opt=-pass-through=-lc -plugin-opt=-pass-through=-lgcc -plugin-opt=-pass-through=-lgcc_s --eh-frame-hdr -m elf_x86_64 -export-dynamic -dynamic-linker /lib64/ld-linux-x86-64.so.2 -o cmTC_23fb8 /lib/../lib64/crt1.o /lib/../lib64/crti.o /software/gcc/8.2.0/lib/gcc/x86_64-pc-linux-gnu/8.2.0/crtbegin.o -L/zfs/dicelab/whalabi/spack/opt/spack/linux-ol7-x86_64/gcc-8.2.0/azureiot-LTS_05_2020_Ref01-a2pnxieq52aotmriv5ttn3l3rdybjjio/lib64/../lib64 -L/software/gcc/8.2.0/lib64/../lib64 -L/software/gcc/8.2.0/lib/gcc/x86_64-pc-linux-gnu/8.2.0 -L/software/gcc/8.2.0/lib/gcc/x86_64-pc-linux-gnu/8.2.0/../../../../lib64 -L/lib/../lib64 -L/usr/lib/../lib64 -L/zfs/dicelab/whalabi/spack/opt/spack/linux-ol7-x86_64/gcc-8.2.0/openssl-1.0.2k-mfyfgrv437fyhctjizyhra2knoyegfo3/lib -L/zfs/dicelab/whalabi/spack/opt/spack/linux-ol7-x86_64/gcc-8.2.0/zlib-1.2.11-sb2y3xuxzdli7fr7jvro4m3noreld46z/lib -L/zfs/dicelab/whalabi/spack/opt/spack/linux-ol7-x86_64/gcc-8.2.0/ncurses-6.1-p5t4vkc67jyr36nqnzugvyi4waxkdn7d/lib -L/zfs/dicelab/whalabi/spack/opt/spack/linux-ol7-x86_64/gcc-8.2.0/azureiot-LTS_05_2020_Ref01-a2pnxieq52aotmriv5ttn3l3rdybjjio/lib64 -L/zfs/dicelab/whalabi/spack/opt/spack/linux-ol7-x86_64/gcc-8.2.0/libuuid-1.0.3-yhv4tlmwrh34jvzqjj7edzp6vefp6wgm/lib -L/zfs/dicelab/whalabi/spack/opt/spack/linux-ol7-x86_64/gcc-8.2.0/curl-7.68.0-73mdh5wn5s7imur4xrviue5vr3t2tasw/lib -L/zfs/dicelab/whalabi/spack/opt/spack/linux-ol7-x86_64/gcc-8.2.0/openssl-1.0.2k-mfyfgrv437fyhctjizyhra2knoyegfo3/lib -L/zfs/dicelab/whalabi/spack/opt/spack/linux-ol7-x86_64/gcc-8.2.0/zlib-1.2.11-sb2y3xuxzdli7fr7jvro4m3noreld46z/lib -L/software/gcc/8.2.0/lib64 -L/software/gcc/8.2.0/lib/gcc/x86_64-pc-linux-gnu/8.2.0/../../.. CMakeFiles/cmTC_23fb8.dir/CMakeCCompilerABI.c.o -lgcc --as-needed -lgcc_s --no-as-needed -lc -lgcc --as-needed -lgcc_s --no-as-needed /software/gcc/8.2.0/lib/gcc/x86_64-pc-linux-gnu/8.2.0/crtend.o /lib/../lib64/crtn.o
COLLECT_GCC_OPTIONS='-v' '-rdynamic' '-o' 'cmTC_23fb8' '-mtune=generic' '-march=x86-64'
gmake[1]: Leaving directory `/zfs/dicelab/DigitalPlant/C_Synthetic_Data_Generator/cmake/CMakeFiles/CMakeTmp'



Parsed C implicit include dir info from above output: rv=done
  found start of include info
  found start of implicit include info
    add: [/zfs/dicelab/whalabi/spack/opt/spack/linux-ol7-x86_64/gcc-8.2.0/openssl-1.0.2k-mfyfgrv437fyhctjizyhra2knoyegfo3/include]
    add: [/zfs/dicelab/whalabi/spack/opt/spack/linux-ol7-x86_64/gcc-8.2.0/zlib-1.2.11-sb2y3xuxzdli7fr7jvro4m3noreld46z/include]
    add: [/zfs/dicelab/whalabi/spack/opt/spack/linux-ol7-x86_64/gcc-8.2.0/ncurses-6.1-p5t4vkc67jyr36nqnzugvyi4waxkdn7d/include]
    add: [/zfs/dicelab/whalabi/spack/opt/spack/linux-ol7-x86_64/gcc-8.2.0/azureiot-LTS_05_2020_Ref01-a2pnxieq52aotmriv5ttn3l3rdybjjio/include]
    add: [/zfs/dicelab/whalabi/spack/opt/spack/linux-ol7-x86_64/gcc-8.2.0/libuuid-1.0.3-yhv4tlmwrh34jvzqjj7edzp6vefp6wgm/include]
    add: [/zfs/dicelab/whalabi/spack/opt/spack/linux-ol7-x86_64/gcc-8.2.0/curl-7.68.0-73mdh5wn5s7imur4xrviue5vr3t2tasw/include]
    add: [/software/gcc/8.2.0/lib/gcc/x86_64-pc-linux-gnu/8.2.0/include]
    add: [/usr/local/include]
    add: [/software/gcc/8.2.0/include]
    add: [/software/gcc/8.2.0/lib/gcc/x86_64-pc-linux-gnu/8.2.0/include-fixed]
    add: [/usr/include]
  end of search list found
  collapse include dir [/zfs/dicelab/whalabi/spack/opt/spack/linux-ol7-x86_64/gcc-8.2.0/openssl-1.0.2k-mfyfgrv437fyhctjizyhra2knoyegfo3/include] ==> [/zfs/dicelab/whalabi/spack/opt/spack/linux-ol7-x86_64/gcc-8.2.0/openssl-1.0.2k-mfyfgrv437fyhctjizyhra2knoyegfo3/include]
  collapse include dir [/zfs/dicelab/whalabi/spack/opt/spack/linux-ol7-x86_64/gcc-8.2.0/zlib-1.2.11-sb2y3xuxzdli7fr7jvro4m3noreld46z/include] ==> [/zfs/dicelab/whalabi/spack/opt/spack/linux-ol7-x86_64/gcc-8.2.0/zlib-1.2.11-sb2y3xuxzdli7fr7jvro4m3noreld46z/include]
  collapse include dir [/zfs/dicelab/whalabi/spack/opt/spack/linux-ol7-x86_64/gcc-8.2.0/ncurses-6.1-p5t4vkc67jyr36nqnzugvyi4waxkdn7d/include] ==> [/zfs/dicelab/whalabi/spack/opt/spack/linux-ol7-x86_64/gcc-8.2.0/ncurses-6.1-p5t4vkc67jyr36nqnzugvyi4waxkdn7d/include]
  collapse include dir [/zfs/dicelab/whalabi/spack/opt/spack/linux-ol7-x86_64/gcc-8.2.0/azureiot-LTS_05_2020_Ref01-a2pnxieq52aotmriv5ttn3l3rdybjjio/include] ==> [/zfs/dicelab/whalabi/spack/opt/spack/linux-ol7-x86_64/gcc-8.2.0/azureiot-LTS_05_2020_Ref01-a2pnxieq52aotmriv5ttn3l3rdybjjio/include]
  collapse include dir [/zfs/dicelab/whalabi/spack/opt/spack/linux-ol7-x86_64/gcc-8.2.0/libuuid-1.0.3-yhv4tlmwrh34jvzqjj7edzp6vefp6wgm/include] ==> [/zfs/dicelab/whalabi/spack/opt/spack/linux-ol7-x86_64/gcc-8.2.0/libuuid-1.0.3-yhv4tlmwrh34jvzqjj7edzp6vefp6wgm/include]
  collapse include dir [/zfs/dicelab/whalabi/spack/opt/spack/linux-ol7-x86_64/gcc-8.2.0/curl-7.68.0-73mdh5wn5s7imur4xrviue5vr3t2tasw/include] ==> [/zfs/dicelab/whalabi/spack/opt/spack/linux-ol7-x86_64/gcc-8.2.0/curl-7.68.0-73mdh5wn5s7imur4xrviue5vr3t2tasw/include]
  collapse include dir [/software/gcc/8.2.0/lib/gcc/x86_64-pc-linux-gnu/8.2.0/include] ==> [/software/gcc/8.2.0/lib/gcc/x86_64-pc-linux-gnu/8.2.0/include]
  collapse include dir [/usr/local/include] ==> [/usr/local/include]
  collapse include dir [/software/gcc/8.2.0/include] ==> [/software/gcc/8.2.0/include]
  collapse include dir [/software/gcc/8.2.0/lib/gcc/x86_64-pc-linux-gnu/8.2.0/include-fixed] ==> [/software/gcc/8.2.0/lib/gcc/x86_64-pc-linux-gnu/8.2.0/include-fixed]
  collapse include dir [/usr/include] ==> [/usr/include]
  implicit include dirs: [/zfs/dicelab/whalabi/spack/opt/spack/linux-ol7-x86_64/gcc-8.2.0/openssl-1.0.2k-mfyfgrv437fyhctjizyhra2knoyegfo3/include;/zfs/dicelab/whalabi/spack/opt/spack/linux-ol7-x86_64/gcc-8.2.0/zlib-1.2.11-sb2y3xuxzdli7fr7jvro4m3noreld46z/include;/zfs/dicelab/whalabi/spack/opt/spack/linux-ol7-x86_64/gcc-8.2.0/ncurses-6.1-p5t4vkc67jyr36nqnzugvyi4waxkdn7d/include;/zfs/dicelab/whalabi/spack/opt/spack/linux-ol7-x86_64/gcc-8.2.0/azureiot-LTS_05_2020_Ref01-a2pnxieq52aotmriv5ttn3l3rdybjjio/include;/zfs/dicelab/whalabi/spack/opt/spack/linux-ol7-x86_64/gcc-8.2.0/libuuid-1.0.3-yhv4tlmwrh34jvzqjj7edzp6vefp6wgm/include;/zfs/dicelab/whalabi/spack/opt/spack/linux-ol7-x86_64/gcc-8.2.0/curl-7.68.0-73mdh5wn5s7imur4xrviue5vr3t2tasw/include;/software/gcc/8.2.0/lib/gcc/x86_64-pc-linux-gnu/8.2.0/include;/usr/local/include;/software/gcc/8.2.0/include;/software/gcc/8.2.0/lib/gcc/x86_64-pc-linux-gnu/8.2.0/include-fixed;/usr/include]


Parsed C implicit link information from above output:
  link line regex: [^( *|.*[/\])(ld|CMAKE_LINK_STARTFILE-NOTFOUND|([^/\]+-)?ld|collect2)[^/\]*( |$)]
  ignore line: [Change Dir: /zfs/dicelab/DigitalPlant/C_Synthetic_Data_Generator/cmake/CMakeFiles/CMakeTmp]
  ignore line: []
  ignore line: [Run Build Command(s):/bin/gmake cmTC_23fb8/fast && /bin/gmake -f CMakeFiles/cmTC_23fb8.dir/build.make CMakeFiles/cmTC_23fb8.dir/build]
  ignore line: [gmake[1]: Entering directory `/zfs/dicelab/DigitalPlant/C_Synthetic_Data_Generator/cmake/CMakeFiles/CMakeTmp']
  ignore line: [Building C object CMakeFiles/cmTC_23fb8.dir/CMakeCCompilerABI.c.o]
  ignore line: [/software/gcc/8.2.0/bin/gcc   -v -o CMakeFiles/cmTC_23fb8.dir/CMakeCCompilerABI.c.o   -c /zfs/dicelab/whalabi/spack/opt/spack/linux-ol7-x86_64/gcc-8.2.0/cmake-3.16.2-2iriv5kxhkr7jnrbudz46qzkdywmjgnn/share/cmake-3.16/Modules/CMakeCCompilerABI.c]
  ignore line: [Using built-in specs.]
  ignore line: [COLLECT_GCC=/software/gcc/8.2.0/bin/gcc]
  ignore line: [Target: x86_64-pc-linux-gnu]
  ignore line: [Configured with: ../configure --prefix=/software/gcc/8.2.0 --enable-languages=c c++ fortran --disable-libquadmath --disable-libquadmath-support --disable-werror --disable-multilib --disable-bootstrap]
  ignore line: [Thread model: posix]
  ignore line: [gcc version 8.2.0 (GCC) ]
  ignore line: [COLLECT_GCC_OPTIONS='-v' '-o' 'CMakeFiles/cmTC_23fb8.dir/CMakeCCompilerABI.c.o' '-c' '-mtune=generic' '-march=x86-64']
  ignore line: [ /software/gcc/8.2.0/libexec/gcc/x86_64-pc-linux-gnu/8.2.0/cc1 -quiet -v /zfs/dicelab/whalabi/spack/opt/spack/linux-ol7-x86_64/gcc-8.2.0/cmake-3.16.2-2iriv5kxhkr7jnrbudz46qzkdywmjgnn/share/cmake-3.16/Modules/CMakeCCompilerABI.c -quiet -dumpbase CMakeCCompilerABI.c -mtune=generic -march=x86-64 -auxbase-strip CMakeFiles/cmTC_23fb8.dir/CMakeCCompilerABI.c.o -version -o /local_scratch/pbs.9084869.pbs02/ccQ7iaeQ.s]
  ignore line: [GNU C17 (GCC) version 8.2.0 (x86_64-pc-linux-gnu)]
  ignore line: [	compiled by GNU C version 4.8.5 20150623 (Red Hat 4.8.5-28.0.1)  GMP version 6.1.0  MPFR version 3.1.4  MPC version 1.0.3  isl version isl-0.18-GMP]
  ignore line: []
  ignore line: [GGC heuristics: --param ggc-min-expand=100 --param ggc-min-heapsize=131072]
  ignore line: [ignoring nonexistent directory "/software/gcc/8.2.0/lib/gcc/x86_64-pc-linux-gnu/8.2.0/../../../../x86_64-pc-linux-gnu/include"]
  ignore line: [ignoring duplicate directory "/zfs/dicelab/whalabi/spack/opt/spack/linux-ol7-x86_64/gcc-8.2.0/openssl-1.0.2k-mfyfgrv437fyhctjizyhra2knoyegfo3/include"]
  ignore line: [ignoring duplicate directory "/zfs/dicelab/whalabi/spack/opt/spack/linux-ol7-x86_64/gcc-8.2.0/zlib-1.2.11-sb2y3xuxzdli7fr7jvro4m3noreld46z/include"]
  ignore line: [#include "..." search starts here:]
  ignore line: [#include <...> search starts here:]
  ignore line: [ /zfs/dicelab/whalabi/spack/opt/spack/linux-ol7-x86_64/gcc-8.2.0/openssl-1.0.2k-mfyfgrv437fyhctjizyhra2knoyegfo3/include]
  ignore line: [ /zfs/dicelab/whalabi/spack/opt/spack/linux-ol7-x86_64/gcc-8.2.0/zlib-1.2.11-sb2y3xuxzdli7fr7jvro4m3noreld46z/include]
  ignore line: [ /zfs/dicelab/whalabi/spack/opt/spack/linux-ol7-x86_64/gcc-8.2.0/ncurses-6.1-p5t4vkc67jyr36nqnzugvyi4waxkdn7d/include]
  ignore line: [ /zfs/dicelab/whalabi/spack/opt/spack/linux-ol7-x86_64/gcc-8.2.0/azureiot-LTS_05_2020_Ref01-a2pnxieq52aotmriv5ttn3l3rdybjjio/include]
  ignore line: [ /zfs/dicelab/whalabi/spack/opt/spack/linux-ol7-x86_64/gcc-8.2.0/libuuid-1.0.3-yhv4tlmwrh34jvzqjj7edzp6vefp6wgm/include]
  ignore line: [ /zfs/dicelab/whalabi/spack/opt/spack/linux-ol7-x86_64/gcc-8.2.0/curl-7.68.0-73mdh5wn5s7imur4xrviue5vr3t2tasw/include]
  ignore line: [ /software/gcc/8.2.0/lib/gcc/x86_64-pc-linux-gnu/8.2.0/include]
  ignore line: [ /usr/local/include]
  ignore line: [ /software/gcc/8.2.0/include]
  ignore line: [ /software/gcc/8.2.0/lib/gcc/x86_64-pc-linux-gnu/8.2.0/include-fixed]
  ignore line: [ /usr/include]
  ignore line: [End of search list.]
  ignore line: [GNU C17 (GCC) version 8.2.0 (x86_64-pc-linux-gnu)]
  ignore line: [	compiled by GNU C version 4.8.5 20150623 (Red Hat 4.8.5-28.0.1)  GMP version 6.1.0  MPFR version 3.1.4  MPC version 1.0.3  isl version isl-0.18-GMP]
  ignore line: []
  ignore line: [GGC heuristics: --param ggc-min-expand=100 --param ggc-min-heapsize=131072]
  ignore line: [Compiler executable checksum: a95ba14766a8dff6d085cded998bd113]
  ignore line: [COLLECT_GCC_OPTIONS='-v' '-o' 'CMakeFiles/cmTC_23fb8.dir/CMakeCCompilerABI.c.o' '-c' '-mtune=generic' '-march=x86-64']
  ignore line: [ as -v --64 -o CMakeFiles/cmTC_23fb8.dir/CMakeCCompilerABI.c.o /local_scratch/pbs.9084869.pbs02/ccQ7iaeQ.s]
  ignore line: [GNU assembler version 2.27 (x86_64-redhat-linux) using BFD version version 2.27-41.base.0.5.el7_7.1]
  ignore line: [COMPILER_PATH=/software/gcc/8.2.0/libexec/gcc/x86_64-pc-linux-gnu/8.2.0/:/software/gcc/8.2.0/libexec/gcc/x86_64-pc-linux-gnu/8.2.0/:/software/gcc/8.2.0/libexec/gcc/x86_64-pc-linux-gnu/:/software/gcc/8.2.0/lib/gcc/x86_64-pc-linux-gnu/8.2.0/:/software/gcc/8.2.0/lib/gcc/x86_64-pc-linux-gnu/]
  ignore line: [LIBRARY_PATH=/zfs/dicelab/whalabi/spack/opt/spack/linux-ol7-x86_64/gcc-8.2.0/azureiot-LTS_05_2020_Ref01-a2pnxieq52aotmriv5ttn3l3rdybjjio/lib64/../lib64/:/software/gcc/8.2.0/lib64/../lib64/:/software/gcc/8.2.0/lib/gcc/x86_64-pc-linux-gnu/8.2.0/:/software/gcc/8.2.0/lib/gcc/x86_64-pc-linux-gnu/8.2.0/../../../../lib64/:/lib/../lib64/:/usr/lib/../lib64/:/zfs/dicelab/whalabi/spack/opt/spack/linux-ol7-x86_64/gcc-8.2.0/openssl-1.0.2k-mfyfgrv437fyhctjizyhra2knoyegfo3/lib/:/zfs/dicelab/whalabi/spack/opt/spack/linux-ol7-x86_64/gcc-8.2.0/zlib-1.2.11-sb2y3xuxzdli7fr7jvro4m3noreld46z/lib/:/zfs/dicelab/whalabi/spack/opt/spack/linux-ol7-x86_64/gcc-8.2.0/ncurses-6.1-p5t4vkc67jyr36nqnzugvyi4waxkdn7d/lib/:/zfs/dicelab/whalabi/spack/opt/spack/linux-ol7-x86_64/gcc-8.2.0/azureiot-LTS_05_2020_Ref01-a2pnxieq52aotmriv5ttn3l3rdybjjio/lib64/:/zfs/dicelab/whalabi/spack/opt/spack/linux-ol7-x86_64/gcc-8.2.0/libuuid-1.0.3-yhv4tlmwrh34jvzqjj7edzp6vefp6wgm/lib/:/zfs/dicelab/whalabi/spack/opt/spack/linux-ol7-x86_64/gcc-8.2.0/curl-7.68.0-73mdh5wn5s7imur4xrviue5vr3t2tasw/lib/:/zfs/dicelab/whalabi/spack/opt/spack/linux-ol7-x86_64/gcc-8.2.0/openssl-1.0.2k-mfyfgrv437fyhctjizyhra2knoyegfo3/lib/:/zfs/dicelab/whalabi/spack/opt/spack/linux-ol7-x86_64/gcc-8.2.0/zlib-1.2.11-sb2y3xuxzdli7fr7jvro4m3noreld46z/lib/:/software/gcc/8.2.0/lib64/:/software/gcc/8.2.0/lib/gcc/x86_64-pc-linux-gnu/8.2.0/../../../:/lib/:/usr/lib/]
  ignore line: [COLLECT_GCC_OPTIONS='-v' '-o' 'CMakeFiles/cmTC_23fb8.dir/CMakeCCompilerABI.c.o' '-c' '-mtune=generic' '-march=x86-64']
  ignore line: [Linking C executable cmTC_23fb8]
  ignore line: [/zfs/dicelab/whalabi/spack/opt/spack/linux-ol7-x86_64/gcc-8.2.0/cmake-3.16.2-2iriv5kxhkr7jnrbudz46qzkdywmjgnn/bin/cmake -E cmake_link_script CMakeFiles/cmTC_23fb8.dir/link.txt --verbose=1]
  ignore line: [/software/gcc/8.2.0/bin/gcc     -v -rdynamic CMakeFiles/cmTC_23fb8.dir/CMakeCCompilerABI.c.o  -o cmTC_23fb8 ]
  ignore line: [Using built-in specs.]
  ignore line: [COLLECT_GCC=/software/gcc/8.2.0/bin/gcc]
  ignore line: [COLLECT_LTO_WRAPPER=/software/gcc/8.2.0/libexec/gcc/x86_64-pc-linux-gnu/8.2.0/lto-wrapper]
  ignore line: [Target: x86_64-pc-linux-gnu]
  ignore line: [Configured with: ../configure --prefix=/software/gcc/8.2.0 --enable-languages=c c++ fortran --disable-libquadmath --disable-libquadmath-support --disable-werror --disable-multilib --disable-bootstrap]
  ignore line: [Thread model: posix]
  ignore line: [gcc version 8.2.0 (GCC) ]
  ignore line: [COMPILER_PATH=/software/gcc/8.2.0/libexec/gcc/x86_64-pc-linux-gnu/8.2.0/:/software/gcc/8.2.0/libexec/gcc/x86_64-pc-linux-gnu/8.2.0/:/software/gcc/8.2.0/libexec/gcc/x86_64-pc-linux-gnu/:/software/gcc/8.2.0/lib/gcc/x86_64-pc-linux-gnu/8.2.0/:/software/gcc/8.2.0/lib/gcc/x86_64-pc-linux-gnu/]
  ignore line: [LIBRARY_PATH=/zfs/dicelab/whalabi/spack/opt/spack/linux-ol7-x86_64/gcc-8.2.0/azureiot-LTS_05_2020_Ref01-a2pnxieq52aotmriv5ttn3l3rdybjjio/lib64/../lib64/:/software/gcc/8.2.0/lib64/../lib64/:/software/gcc/8.2.0/lib/gcc/x86_64-pc-linux-gnu/8.2.0/:/software/gcc/8.2.0/lib/gcc/x86_64-pc-linux-gnu/8.2.0/../../../../lib64/:/lib/../lib64/:/usr/lib/../lib64/:/zfs/dicelab/whalabi/spack/opt/spack/linux-ol7-x86_64/gcc-8.2.0/openssl-1.0.2k-mfyfgrv437fyhctjizyhra2knoyegfo3/lib/:/zfs/dicelab/whalabi/spack/opt/spack/linux-ol7-x86_64/gcc-8.2.0/zlib-1.2.11-sb2y3xuxzdli7fr7jvro4m3noreld46z/lib/:/zfs/dicelab/whalabi/spack/opt/spack/linux-ol7-x86_64/gcc-8.2.0/ncurses-6.1-p5t4vkc67jyr36nqnzugvyi4waxkdn7d/lib/:/zfs/dicelab/whalabi/spack/opt/spack/linux-ol7-x86_64/gcc-8.2.0/azureiot-LTS_05_2020_Ref01-a2pnxieq52aotmriv5ttn3l3rdybjjio/lib64/:/zfs/dicelab/whalabi/spack/opt/spack/linux-ol7-x86_64/gcc-8.2.0/libuuid-1.0.3-yhv4tlmwrh34jvzqjj7edzp6vefp6wgm/lib/:/zfs/dicelab/whalabi/spack/opt/spack/linux-ol7-x86_64/gcc-8.2.0/curl-7.68.0-73mdh5wn5s7imur4xrviue5vr3t2tasw/lib/:/zfs/dicelab/whalabi/spack/opt/spack/linux-ol7-x86_64/gcc-8.2.0/openssl-1.0.2k-mfyfgrv437fyhctjizyhra2knoyegfo3/lib/:/zfs/dicelab/whalabi/spack/opt/spack/linux-ol7-x86_64/gcc-8.2.0/zlib-1.2.11-sb2y3xuxzdli7fr7jvro4m3noreld46z/lib/:/software/gcc/8.2.0/lib64/:/software/gcc/8.2.0/lib/gcc/x86_64-pc-linux-gnu/8.2.0/../../../:/lib/:/usr/lib/]
  ignore line: [COLLECT_GCC_OPTIONS='-v' '-rdynamic' '-o' 'cmTC_23fb8' '-mtune=generic' '-march=x86-64']
  link line: [ /software/gcc/8.2.0/libexec/gcc/x86_64-pc-linux-gnu/8.2.0/collect2 -plugin /software/gcc/8.2.0/libexec/gcc/x86_64-pc-linux-gnu/8.2.0/liblto_plugin.so -plugin-opt=/software/gcc/8.2.0/libexec/gcc/x86_64-pc-linux-gnu/8.2.0/lto-wrapper -plugin-opt=-fresolution=/local_scratch/pbs.9084869.pbs02/ccyQVZYR.res -plugin-opt=-pass-through=-lgcc -plugin-opt=-pass-through=-lgcc_s -plugin-opt=-pass-through=-lc -plugin-opt=-pass-through=-lgcc -plugin-opt=-pass-through=-lgcc_s --eh-frame-hdr -m elf_x86_64 -export-dynamic -dynamic-linker /lib64/ld-linux-x86-64.so.2 -o cmTC_23fb8 /lib/../lib64/crt1.o /lib/../lib64/crti.o /software/gcc/8.2.0/lib/gcc/x86_64-pc-linux-gnu/8.2.0/crtbegin.o -L/zfs/dicelab/whalabi/spack/opt/spack/linux-ol7-x86_64/gcc-8.2.0/azureiot-LTS_05_2020_Ref01-a2pnxieq52aotmriv5ttn3l3rdybjjio/lib64/../lib64 -L/software/gcc/8.2.0/lib64/../lib64 -L/software/gcc/8.2.0/lib/gcc/x86_64-pc-linux-gnu/8.2.0 -L/software/gcc/8.2.0/lib/gcc/x86_64-pc-linux-gnu/8.2.0/../../../../lib64 -L/lib/../lib64 -L/usr/lib/../lib64 -L/zfs/dicelab/whalabi/spack/opt/spack/linux-ol7-x86_64/gcc-8.2.0/openssl-1.0.2k-mfyfgrv437fyhctjizyhra2knoyegfo3/lib -L/zfs/dicelab/whalabi/spack/opt/spack/linux-ol7-x86_64/gcc-8.2.0/zlib-1.2.11-sb2y3xuxzdli7fr7jvro4m3noreld46z/lib -L/zfs/dicelab/whalabi/spack/opt/spack/linux-ol7-x86_64/gcc-8.2.0/ncurses-6.1-p5t4vkc67jyr36nqnzugvyi4waxkdn7d/lib -L/zfs/dicelab/whalabi/spack/opt/spack/linux-ol7-x86_64/gcc-8.2.0/azureiot-LTS_05_2020_Ref01-a2pnxieq52aotmriv5ttn3l3rdybjjio/lib64 -L/zfs/dicelab/whalabi/spack/opt/spack/linux-ol7-x86_64/gcc-8.2.0/libuuid-1.0.3-yhv4tlmwrh34jvzqjj7edzp6vefp6wgm/lib -L/zfs/dicelab/whalabi/spack/opt/spack/linux-ol7-x86_64/gcc-8.2.0/curl-7.68.0-73mdh5wn5s7imur4xrviue5vr3t2tasw/lib -L/zfs/dicelab/whalabi/spack/opt/spack/linux-ol7-x86_64/gcc-8.2.0/openssl-1.0.2k-mfyfgrv437fyhctjizyhra2knoyegfo3/lib -L/zfs/dicelab/whalabi/spack/opt/spack/linux-ol7-x86_64/gcc-8.2.0/zlib-1.2.11-sb2y3xuxzdli7fr7jvro4m3noreld46z/lib -L/software/gcc/8.2.0/lib64 -L/software/gcc/8.2.0/lib/gcc/x86_64-pc-linux-gnu/8.2.0/../../.. CMakeFiles/cmTC_23fb8.dir/CMakeCCompilerABI.c.o -lgcc --as-needed -lgcc_s --no-as-needed -lc -lgcc --as-needed -lgcc_s --no-as-needed /software/gcc/8.2.0/lib/gcc/x86_64-pc-linux-gnu/8.2.0/crtend.o /lib/../lib64/crtn.o]
    arg [/software/gcc/8.2.0/libexec/gcc/x86_64-pc-linux-gnu/8.2.0/collect2] ==> ignore
    arg [-plugin] ==> ignore
    arg [/software/gcc/8.2.0/libexec/gcc/x86_64-pc-linux-gnu/8.2.0/liblto_plugin.so] ==> ignore
    arg [-plugin-opt=/software/gcc/8.2.0/libexec/gcc/x86_64-pc-linux-gnu/8.2.0/lto-wrapper] ==> ignore
    arg [-plugin-opt=-fresolution=/local_scratch/pbs.9084869.pbs02/ccyQVZYR.res] ==> ignore
    arg [-plugin-opt=-pass-through=-lgcc] ==> ignore
    arg [-plugin-opt=-pass-through=-lgcc_s] ==> ignore
    arg [-plugin-opt=-pass-through=-lc] ==> ignore
    arg [-plugin-opt=-pass-through=-lgcc] ==> ignore
    arg [-plugin-opt=-pass-through=-lgcc_s] ==> ignore
    arg [--eh-frame-hdr] ==> ignore
    arg [-m] ==> ignore
    arg [elf_x86_64] ==> ignore
    arg [-export-dynamic] ==> ignore
    arg [-dynamic-linker] ==> ignore
    arg [/lib64/ld-linux-x86-64.so.2] ==> ignore
    arg [-o] ==> ignore
    arg [cmTC_23fb8] ==> ignore
    arg [/lib/../lib64/crt1.o] ==> ignore
    arg [/lib/../lib64/crti.o] ==> ignore
    arg [/software/gcc/8.2.0/lib/gcc/x86_64-pc-linux-gnu/8.2.0/crtbegin.o] ==> ignore
    arg [-L/zfs/dicelab/whalabi/spack/opt/spack/linux-ol7-x86_64/gcc-8.2.0/azureiot-LTS_05_2020_Ref01-a2pnxieq52aotmriv5ttn3l3rdybjjio/lib64/../lib64] ==> dir [/zfs/dicelab/whalabi/spack/opt/spack/linux-ol7-x86_64/gcc-8.2.0/azureiot-LTS_05_2020_Ref01-a2pnxieq52aotmriv5ttn3l3rdybjjio/lib64/../lib64]
    arg [-L/software/gcc/8.2.0/lib64/../lib64] ==> dir [/software/gcc/8.2.0/lib64/../lib64]
    arg [-L/software/gcc/8.2.0/lib/gcc/x86_64-pc-linux-gnu/8.2.0] ==> dir [/software/gcc/8.2.0/lib/gcc/x86_64-pc-linux-gnu/8.2.0]
    arg [-L/software/gcc/8.2.0/lib/gcc/x86_64-pc-linux-gnu/8.2.0/../../../../lib64] ==> dir [/software/gcc/8.2.0/lib/gcc/x86_64-pc-linux-gnu/8.2.0/../../../../lib64]
    arg [-L/lib/../lib64] ==> dir [/lib/../lib64]
    arg [-L/usr/lib/../lib64] ==> dir [/usr/lib/../lib64]
    arg [-L/zfs/dicelab/whalabi/spack/opt/spack/linux-ol7-x86_64/gcc-8.2.0/openssl-1.0.2k-mfyfgrv437fyhctjizyhra2knoyegfo3/lib] ==> dir [/zfs/dicelab/whalabi/spack/opt/spack/linux-ol7-x86_64/gcc-8.2.0/openssl-1.0.2k-mfyfgrv437fyhctjizyhra2knoyegfo3/lib]
    arg [-L/zfs/dicelab/whalabi/spack/opt/spack/linux-ol7-x86_64/gcc-8.2.0/zlib-1.2.11-sb2y3xuxzdli7fr7jvro4m3noreld46z/lib] ==> dir [/zfs/dicelab/whalabi/spack/opt/spack/linux-ol7-x86_64/gcc-8.2.0/zlib-1.2.11-sb2y3xuxzdli7fr7jvro4m3noreld46z/lib]
    arg [-L/zfs/dicelab/whalabi/spack/opt/spack/linux-ol7-x86_64/gcc-8.2.0/ncurses-6.1-p5t4vkc67jyr36nqnzugvyi4waxkdn7d/lib] ==> dir [/zfs/dicelab/whalabi/spack/opt/spack/linux-ol7-x86_64/gcc-8.2.0/ncurses-6.1-p5t4vkc67jyr36nqnzugvyi4waxkdn7d/lib]
    arg [-L/zfs/dicelab/whalabi/spack/opt/spack/linux-ol7-x86_64/gcc-8.2.0/azureiot-LTS_05_2020_Ref01-a2pnxieq52aotmriv5ttn3l3rdybjjio/lib64] ==> dir [/zfs/dicelab/whalabi/spack/opt/spack/linux-ol7-x86_64/gcc-8.2.0/azureiot-LTS_05_2020_Ref01-a2pnxieq52aotmriv5ttn3l3rdybjjio/lib64]
    arg [-L/zfs/dicelab/whalabi/spack/opt/spack/linux-ol7-x86_64/gcc-8.2.0/libuuid-1.0.3-yhv4tlmwrh34jvzqjj7edzp6vefp6wgm/lib] ==> dir [/zfs/dicelab/whalabi/spack/opt/spack/linux-ol7-x86_64/gcc-8.2.0/libuuid-1.0.3-yhv4tlmwrh34jvzqjj7edzp6vefp6wgm/lib]
    arg [-L/zfs/dicelab/whalabi/spack/opt/spack/linux-ol7-x86_64/gcc-8.2.0/curl-7.68.0-73mdh5wn5s7imur4xrviue5vr3t2tasw/lib] ==> dir [/zfs/dicelab/whalabi/spack/opt/spack/linux-ol7-x86_64/gcc-8.2.0/curl-7.68.0-73mdh5wn5s7imur4xrviue5vr3t2tasw/lib]
    arg [-L/zfs/dicelab/whalabi/spack/opt/spack/linux-ol7-x86_64/gcc-8.2.0/openssl-1.0.2k-mfyfgrv437fyhctjizyhra2knoyegfo3/lib] ==> dir [/zfs/dicelab/whalabi/spack/opt/spack/linux-ol7-x86_64/gcc-8.2.0/openssl-1.0.2k-mfyfgrv437fyhctjizyhra2knoyegfo3/lib]
    arg [-L/zfs/dicelab/whalabi/spack/opt/spack/linux-ol7-x86_64/gcc-8.2.0/zlib-1.2.11-sb2y3xuxzdli7fr7jvro4m3noreld46z/lib] ==> dir [/zfs/dicelab/whalabi/spack/opt/spack/linux-ol7-x86_64/gcc-8.2.0/zlib-1.2.11-sb2y3xuxzdli7fr7jvro4m3noreld46z/lib]
    arg [-L/software/gcc/8.2.0/lib64] ==> dir [/software/gcc/8.2.0/lib64]
    arg [-L/software/gcc/8.2.0/lib/gcc/x86_64-pc-linux-gnu/8.2.0/../../..] ==> dir [/software/gcc/8.2.0/lib/gcc/x86_64-pc-linux-gnu/8.2.0/../../..]
    arg [CMakeFiles/cmTC_23fb8.dir/CMakeCCompilerABI.c.o] ==> ignore
    arg [-lgcc] ==> lib [gcc]
    arg [--as-needed] ==> ignore
    arg [-lgcc_s] ==> lib [gcc_s]
    arg [--no-as-needed] ==> ignore
    arg [-lc] ==> lib [c]
    arg [-lgcc] ==> lib [gcc]
    arg [--as-needed] ==> ignore
    arg [-lgcc_s] ==> lib [gcc_s]
    arg [--no-as-needed] ==> ignore
    arg [/software/gcc/8.2.0/lib/gcc/x86_64-pc-linux-gnu/8.2.0/crtend.o] ==> ignore
    arg [/lib/../lib64/crtn.o] ==> ignore
  collapse library dir [/zfs/dicelab/whalabi/spack/opt/spack/linux-ol7-x86_64/gcc-8.2.0/azureiot-LTS_05_2020_Ref01-a2pnxieq52aotmriv5ttn3l3rdybjjio/lib64/../lib64] ==> [/zfs/dicelab/whalabi/spack/opt/spack/linux-ol7-x86_64/gcc-8.2.0/azureiot-LTS_05_2020_Ref01-a2pnxieq52aotmriv5ttn3l3rdybjjio/lib64]
  collapse library dir [/software/gcc/8.2.0/lib64/../lib64] ==> [/software/gcc/8.2.0/lib64]
  collapse library dir [/software/gcc/8.2.0/lib/gcc/x86_64-pc-linux-gnu/8.2.0] ==> [/software/gcc/8.2.0/lib/gcc/x86_64-pc-linux-gnu/8.2.0]
  collapse library dir [/software/gcc/8.2.0/lib/gcc/x86_64-pc-linux-gnu/8.2.0/../../../../lib64] ==> [/software/gcc/8.2.0/lib64]
  collapse library dir [/lib/../lib64] ==> [/lib64]
  collapse library dir [/usr/lib/../lib64] ==> [/usr/lib64]
  collapse library dir [/zfs/dicelab/whalabi/spack/opt/spack/linux-ol7-x86_64/gcc-8.2.0/openssl-1.0.2k-mfyfgrv437fyhctjizyhra2knoyegfo3/lib] ==> [/zfs/dicelab/whalabi/spack/opt/spack/linux-ol7-x86_64/gcc-8.2.0/openssl-1.0.2k-mfyfgrv437fyhctjizyhra2knoyegfo3/lib]
  collapse library dir [/zfs/dicelab/whalabi/spack/opt/spack/linux-ol7-x86_64/gcc-8.2.0/zlib-1.2.11-sb2y3xuxzdli7fr7jvro4m3noreld46z/lib] ==> [/zfs/dicelab/whalabi/spack/opt/spack/linux-ol7-x86_64/gcc-8.2.0/zlib-1.2.11-sb2y3xuxzdli7fr7jvro4m3noreld46z/lib]
  collapse library dir [/zfs/dicelab/whalabi/spack/opt/spack/linux-ol7-x86_64/gcc-8.2.0/ncurses-6.1-p5t4vkc67jyr36nqnzugvyi4waxkdn7d/lib] ==> [/zfs/dicelab/whalabi/spack/opt/spack/linux-ol7-x86_64/gcc-8.2.0/ncurses-6.1-p5t4vkc67jyr36nqnzugvyi4waxkdn7d/lib]
  collapse library dir [/zfs/dicelab/whalabi/spack/opt/spack/linux-ol7-x86_64/gcc-8.2.0/azureiot-LTS_05_2020_Ref01-a2pnxieq52aotmriv5ttn3l3rdybjjio/lib64] ==> [/zfs/dicelab/whalabi/spack/opt/spack/linux-ol7-x86_64/gcc-8.2.0/azureiot-LTS_05_2020_Ref01-a2pnxieq52aotmriv5ttn3l3rdybjjio/lib64]
  collapse library dir [/zfs/dicelab/whalabi/spack/opt/spack/linux-ol7-x86_64/gcc-8.2.0/libuuid-1.0.3-yhv4tlmwrh34jvzqjj7edzp6vefp6wgm/lib] ==> [/zfs/dicelab/whalabi/spack/opt/spack/linux-ol7-x86_64/gcc-8.2.0/libuuid-1.0.3-yhv4tlmwrh34jvzqjj7edzp6vefp6wgm/lib]
  collapse library dir [/zfs/dicelab/whalabi/spack/opt/spack/linux-ol7-x86_64/gcc-8.2.0/curl-7.68.0-73mdh5wn5s7imur4xrviue5vr3t2tasw/lib] ==> [/zfs/dicelab/whalabi/spack/opt/spack/linux-ol7-x86_64/gcc-8.2.0/curl-7.68.0-73mdh5wn5s7imur4xrviue5vr3t2tasw/lib]
  collapse library dir [/zfs/dicelab/whalabi/spack/opt/spack/linux-ol7-x86_64/gcc-8.2.0/openssl-1.0.2k-mfyfgrv437fyhctjizyhra2knoyegfo3/lib] ==> [/zfs/dicelab/whalabi/spack/opt/spack/linux-ol7-x86_64/gcc-8.2.0/openssl-1.0.2k-mfyfgrv437fyhctjizyhra2knoyegfo3/lib]
  collapse library dir [/zfs/dicelab/whalabi/spack/opt/spack/linux-ol7-x86_64/gcc-8.2.0/zlib-1.2.11-sb2y3xuxzdli7fr7jvro4m3noreld46z/lib] ==> [/zfs/dicelab/whalabi/spack/opt/spack/linux-ol7-x86_64/gcc-8.2.0/zlib-1.2.11-sb2y3xuxzdli7fr7jvro4m3noreld46z/lib]
  collapse library dir [/software/gcc/8.2.0/lib64] ==> [/software/gcc/8.2.0/lib64]
  collapse library dir [/software/gcc/8.2.0/lib/gcc/x86_64-pc-linux-gnu/8.2.0/../../..] ==> [/software/gcc/8.2.0/lib]
  implicit libs: [gcc;gcc_s;c;gcc;gcc_s]
  implicit dirs: [/zfs/dicelab/whalabi/spack/opt/spack/linux-ol7-x86_64/gcc-8.2.0/azureiot-LTS_05_2020_Ref01-a2pnxieq52aotmriv5ttn3l3rdybjjio/lib64;/software/gcc/8.2.0/lib64;/software/gcc/8.2.0/lib/gcc/x86_64-pc-linux-gnu/8.2.0;/lib64;/usr/lib64;/zfs/dicelab/whalabi/spack/opt/spack/linux-ol7-x86_64/gcc-8.2.0/openssl-1.0.2k-mfyfgrv437fyhctjizyhra2knoyegfo3/lib;/zfs/dicelab/whalabi/spack/opt/spack/linux-ol7-x86_64/gcc-8.2.0/zlib-1.2.11-sb2y3xuxzdli7fr7jvro4m3noreld46z/lib;/zfs/dicelab/whalabi/spack/opt/spack/linux-ol7-x86_64/gcc-8.2.0/ncurses-6.1-p5t4vkc67jyr36nqnzugvyi4waxkdn7d/lib;/zfs/dicelab/whalabi/spack/opt/spack/linux-ol7-x86_64/gcc-8.2.0/libuuid-1.0.3-yhv4tlmwrh34jvzqjj7edzp6vefp6wgm/lib;/zfs/dicelab/whalabi/spack/opt/spack/linux-ol7-x86_64/gcc-8.2.0/curl-7.68.0-73mdh5wn5s7imur4xrviue5vr3t2tasw/lib;/software/gcc/8.2.0/lib]
  implicit fwks: []


