/zfs/dicelab/DigitalPlant/C_Synthetic_Data_Generator/cmake/generate_data /zfs/dicelab/DigitalPlant/bash_scripts/run_multiple_sensors.sh
USER       PID %CPU %MEM    VSZ   RSS TTY      STAT START   TIME COMMAND
polkitd   1463  0.0  0.0 614416 16752 ?        Ssl  Apr03   1:54 /usr/lib/polkit-1/polkitd --no-debug
libstor+  1465  0.0  0.0   8592  1760 ?        Ss   Apr03   0:11 /usr/bin/lsmd -d
dbus      1466  0.0  0.0  61872  5776 ?        Ss   Apr03   3:27 /usr/bin/dbus-daemon --system --address=systemd: --nofork --nopidfile --systemd-activation
rpc       1491  0.0  0.0  69288  3780 ?        Ss   Apr03   0:06 /sbin/rpcbind -w
ntp       1761  0.0  0.0  49388  5256 ?        Ss   Apr03   0:08 /usr/sbin/ntpd -u ntp:ntp -g
rpcuser   2719  0.0  0.0  44672  3584 ?        Ss   Apr03   0:00 /usr/sbin/rpc.statd
pcp       3103  0.0  0.0 177828  6032 ?        Ssl  Apr03   3:36 /usr/libexec/pcp/bin/pmcd
smmsp     3163  0.0  0.0  84292  3384 ?        Ss   Apr03   0:00 sendmail: Queue runner@01:00:00 for /var/spool/clientmqueue
pcp       3583  0.0  0.0 128448 39100 ?        S    Apr03   1:29 /usr/libexec/pcp/bin/pmlogger -P -r -c /etc/pcp/pmlogger/pmlogger-supremm.config -m pmlogger_check 20200403.17.36
whalabi   6649  0.0  0.0 115324  3104 ?        Ss   16:48   0:00 -bash
whalabi   6682  0.0  0.0 113200  2960 ?        S    16:48   0:00 /bin/bash /var/spool/pbs/mom_priv/jobs/8770615.pbs02.SC
whalabi   6693  0.0  0.0 155384  3904 ?        R    16:48   0:00 ps aux
total 4724
drwxrwxr-x 2 whalabi cuuser     146 Jun 16 16:48 .
drwx------ 3 whalabi cuuser      49 Jun 16 16:48 ..
-rw-rw-r-- 1 whalabi cuuser    1291 Jun 16 16:48 connection_strings_4.list
-rwxrwxr-x 1 whalabi cuuser    2760 Jun 16 16:48 driver.sh
-rwxrwxr-x 1 whalabi cuuser 4809064 Jun 16 16:48 generate_data
-rw-rw-r-- 1 whalabi cuuser    1469 Jun 16 16:48 log.out
-rw-rw-r-- 1 whalabi cuuser      73 Jun 16 16:48 parameter0
-rw-rw-r-- 1 whalabi cuuser      72 Jun 16 16:48 parameter1
-rw-rw-r-- 1 whalabi cuuser      71 Jun 16 16:48 parameter2

Using parameter0

Using connection_strings_4.list and parameter0, running trial 0
paramater_array: ./parameter0
connection_strings: ./connection_strings_4.list
logs: parameter0_run/connection_strings_4.list/trial0/
generate_data: ./generate_data
10
All processes spawned at Tue Jun 16 16:48:19 EDT 2020. Now waiting
All procceses finished at Tue Jun 16 16:53:20 EDT 2020
Using connection_strings_4.list and parameter0, running trial 1
paramater_array: ./parameter0
connection_strings: ./connection_strings_4.list
logs: parameter0_run/connection_strings_4.list/trial1/
generate_data: ./generate_data
10
All processes spawned at Tue Jun 16 16:53:20 EDT 2020. Now waiting
All procceses finished at Tue Jun 16 16:58:20 EDT 2020
Using connection_strings_4.list and parameter0, running trial 2
paramater_array: ./parameter0
connection_strings: ./connection_strings_4.list
logs: parameter0_run/connection_strings_4.list/trial2/
generate_data: ./generate_data
10
All processes spawned at Tue Jun 16 16:58:20 EDT 2020. Now waiting
All procceses finished at Tue Jun 16 17:03:20 EDT 2020
Using connection_strings_4.list and parameter0, running trial 3
paramater_array: ./parameter0
connection_strings: ./connection_strings_4.list
logs: parameter0_run/connection_strings_4.list/trial3/
generate_data: ./generate_data
10
All processes spawned at Tue Jun 16 17:03:20 EDT 2020. Now waiting
All procceses finished at Tue Jun 16 17:08:21 EDT 2020
Using connection_strings_4.list and parameter0, running trial 4
paramater_array: ./parameter0
connection_strings: ./connection_strings_4.list
logs: parameter0_run/connection_strings_4.list/trial4/
generate_data: ./generate_data
10
All processes spawned at Tue Jun 16 17:08:21 EDT 2020. Now waiting
All procceses finished at Tue Jun 16 17:13:21 EDT 2020
Using connection_strings_4.list and parameter0, running trial 5
paramater_array: ./parameter0
connection_strings: ./connection_strings_4.list
logs: parameter0_run/connection_strings_4.list/trial5/
generate_data: ./generate_data
10
All processes spawned at Tue Jun 16 17:13:21 EDT 2020. Now waiting
All procceses finished at Tue Jun 16 17:18:21 EDT 2020

Using parameter1

Using connection_strings_4.list and parameter1, running trial 0
paramater_array: ./parameter1
connection_strings: ./connection_strings_4.list
logs: parameter1_run/connection_strings_4.list/trial0/
generate_data: ./generate_data
10
All processes spawned at Tue Jun 16 17:18:51 EDT 2020. Now waiting
All procceses finished at Tue Jun 16 17:23:52 EDT 2020
Using connection_strings_4.list and parameter1, running trial 1
paramater_array: ./parameter1
connection_strings: ./connection_strings_4.list
logs: parameter1_run/connection_strings_4.list/trial1/
generate_data: ./generate_data
10
All processes spawned at Tue Jun 16 17:23:52 EDT 2020. Now waiting
All procceses finished at Tue Jun 16 17:28:53 EDT 2020
Using connection_strings_4.list and parameter1, running trial 2
paramater_array: ./parameter1
connection_strings: ./connection_strings_4.list
logs: parameter1_run/connection_strings_4.list/trial2/
generate_data: ./generate_data
10
All processes spawned at Tue Jun 16 17:28:53 EDT 2020. Now waiting
All procceses finished at Tue Jun 16 17:33:53 EDT 2020
Using connection_strings_4.list and parameter1, running trial 3
paramater_array: ./parameter1
connection_strings: ./connection_strings_4.list
logs: parameter1_run/connection_strings_4.list/trial3/
generate_data: ./generate_data
10
All processes spawned at Tue Jun 16 17:33:53 EDT 2020. Now waiting
All procceses finished at Tue Jun 16 17:38:54 EDT 2020
Using connection_strings_4.list and parameter1, running trial 4
paramater_array: ./parameter1
connection_strings: ./connection_strings_4.list
logs: parameter1_run/connection_strings_4.list/trial4/
generate_data: ./generate_data
10
All processes spawned at Tue Jun 16 17:38:54 EDT 2020. Now waiting
All procceses finished at Tue Jun 16 17:43:55 EDT 2020
Using connection_strings_4.list and parameter1, running trial 5
paramater_array: ./parameter1
connection_strings: ./connection_strings_4.list
logs: parameter1_run/connection_strings_4.list/trial5/
generate_data: ./generate_data
10
All processes spawned at Tue Jun 16 17:43:55 EDT 2020. Now waiting
All procceses finished at Tue Jun 16 17:48:55 EDT 2020

Using parameter2

Using connection_strings_4.list and parameter2, running trial 0
paramater_array: ./parameter2
connection_strings: ./connection_strings_4.list
logs: parameter2_run/connection_strings_4.list/trial0/
generate_data: ./generate_data
10
All processes spawned at Tue Jun 16 17:49:25 EDT 2020. Now waiting
All procceses finished at Tue Jun 16 17:54:31 EDT 2020
Using connection_strings_4.list and parameter2, running trial 1
paramater_array: ./parameter2
connection_strings: ./connection_strings_4.list
logs: parameter2_run/connection_strings_4.list/trial1/
generate_data: ./generate_data
10
All processes spawned at Tue Jun 16 17:54:31 EDT 2020. Now waiting
All procceses finished at Tue Jun 16 17:59:37 EDT 2020
Using connection_strings_4.list and parameter2, running trial 2
paramater_array: ./parameter2
connection_strings: ./connection_strings_4.list
logs: parameter2_run/connection_strings_4.list/trial2/
generate_data: ./generate_data
10
All processes spawned at Tue Jun 16 17:59:37 EDT 2020. Now waiting
All procceses finished at Tue Jun 16 18:04:43 EDT 2020
Using connection_strings_4.list and parameter2, running trial 3
paramater_array: ./parameter2
connection_strings: ./connection_strings_4.list
logs: parameter2_run/connection_strings_4.list/trial3/
generate_data: ./generate_data
10
All processes spawned at Tue Jun 16 18:04:43 EDT 2020. Now waiting
All procceses finished at Tue Jun 16 18:09:49 EDT 2020
Using connection_strings_4.list and parameter2, running trial 4
paramater_array: ./parameter2
connection_strings: ./connection_strings_4.list
logs: parameter2_run/connection_strings_4.list/trial4/
generate_data: ./generate_data
10
All processes spawned at Tue Jun 16 18:09:49 EDT 2020. Now waiting
All procceses finished at Tue Jun 16 18:14:56 EDT 2020
Using connection_strings_4.list and parameter2, running trial 5
paramater_array: ./parameter2
connection_strings: ./connection_strings_4.list
logs: parameter2_run/connection_strings_4.list/trial5/
generate_data: ./generate_data
10
All processes spawned at Tue Jun 16 18:14:56 EDT 2020. Now waiting
All procceses finished at Tue Jun 16 18:20:02 EDT 2020
