/zfs/dicelab/DigitalPlant/C_Synthetic_Data_Generator/cmake/generate_data /zfs/dicelab/DigitalPlant/bash_scripts/run_multiple_sensors.sh
USER       PID %CPU %MEM    VSZ   RSS TTY      STAT START   TIME COMMAND
polkitd   1264  0.0  0.0 614416  8596 ?        Ssl  Mar26   2:35 /usr/lib/polkit-1/polkitd --no-debug
dbus      1266  0.0  0.0  60340  4112 ?        Ss   Mar26   4:22 /usr/bin/dbus-daemon --system --address=systemd: --nofork --nopidfile --systemd-activation
rpc       1275  0.0  0.0  69288  2932 ?        Ss   Mar26   0:08 /sbin/rpcbind -w
libstor+  1493  0.0  0.0   8592  1412 ?        Ss   Mar26   0:13 /usr/bin/lsmd -d
ntp       1539  0.0  0.0  49388  3420 ?        Ss   Mar26   0:12 /usr/sbin/ntpd -u ntp:ntp -g
rpcuser   2678  0.0  0.0  44672  2528 ?        Ss   Mar26   0:00 /usr/sbin/rpc.statd
smmsp     2901  0.0  0.0  84292  1852 ?        Ss   Mar26   0:01 sendmail: Queue runner@01:00:00 for /var/spool/clientmqueue
pcp       3005  0.0  0.0 177884  4548 ?        Rsl  Mar26   4:21 /usr/libexec/pcp/bin/pmcd
pcp       4399  0.0  0.1 188960 72412 ?        S    Mar26   1:46 /usr/libexec/pcp/bin/pmlogger -P -r -c /etc/pcp/pmlogger/pmlogger-supremm.config -m pmlogger_check 20200326.14.00
dnsmith  60917  0.0  0.0 115324  3164 ?        Ss   17:59   0:00 -bash
dnsmith  60950  0.0  0.0 113200  2952 ?        S    17:59   0:00 /bin/bash /var/spool/pbs/mom_priv/jobs/8844743.pbs02.SC
dnsmith  60964  0.0  0.0 155384  4048 ?        R    17:59   0:00 ps aux
total 4736
drwxrwxr-x 2 dnsmith cuuser    4096 Jun 22 17:59 .
drwx------ 3 dnsmith cuuser      49 Jun 22 17:59 ..
-rw-rw-r-- 1 dnsmith cuuser    1261 Jun 22 17:59 connection_strings_16.list
-rw-rw-r-- 1 dnsmith cuuser    1261 Jun 22 17:59 connection_strings_32.list
-rw-rw-r-- 1 dnsmith cuuser    1291 Jun 22 17:59 connection_strings_4.list
-rw-rw-r-- 1 dnsmith cuuser    1251 Jun 22 17:59 connection_strings_8.list
-rwxrwxr-x 1 dnsmith cuuser    2760 Jun 22 17:59 driver.sh
-rwxrwxr-x 1 dnsmith cuuser 4809064 Jun 22 17:59 generate_data
-rw-rw-r-- 1 dnsmith cuuser    1469 Jun 22 17:59 log.out
-rw-rw-r-- 1 dnsmith cuuser      73 Jun 22 17:59 parameter0
-rw-rw-r-- 1 dnsmith cuuser      72 Jun 22 17:59 parameter1

Using parameter0

Using connection_strings_4.list and parameter0, running trial 0
paramater_array: ./parameter0
connection_strings: ./connection_strings_4.list
logs: parameter0_run/connection_strings_4.list/trial0/
generate_data: ./generate_data
10
All processes spawned at Mon Jun 22 17:59:09 EDT 2020. Now waiting
All procceses finished at Mon Jun 22 18:04:09 EDT 2020
Using connection_strings_4.list and parameter0, running trial 1
paramater_array: ./parameter0
connection_strings: ./connection_strings_4.list
logs: parameter0_run/connection_strings_4.list/trial1/
generate_data: ./generate_data
10
All processes spawned at Mon Jun 22 18:05:09 EDT 2020. Now waiting
All procceses finished at Mon Jun 22 18:10:10 EDT 2020
Using connection_strings_4.list and parameter0, running trial 2
paramater_array: ./parameter0
connection_strings: ./connection_strings_4.list
logs: parameter0_run/connection_strings_4.list/trial2/
generate_data: ./generate_data
10
All processes spawned at Mon Jun 22 18:11:10 EDT 2020. Now waiting
All procceses finished at Mon Jun 22 18:16:11 EDT 2020
Using connection_strings_4.list and parameter0, running trial 3
paramater_array: ./parameter0
connection_strings: ./connection_strings_4.list
logs: parameter0_run/connection_strings_4.list/trial3/
generate_data: ./generate_data
10
All processes spawned at Mon Jun 22 18:17:11 EDT 2020. Now waiting
All procceses finished at Mon Jun 22 18:22:12 EDT 2020
Using connection_strings_4.list and parameter0, running trial 4
paramater_array: ./parameter0
connection_strings: ./connection_strings_4.list
logs: parameter0_run/connection_strings_4.list/trial4/
generate_data: ./generate_data
10
All processes spawned at Mon Jun 22 18:23:12 EDT 2020. Now waiting
All procceses finished at Mon Jun 22 18:28:12 EDT 2020
Using connection_strings_8.list and parameter0, running trial 0
paramater_array: ./parameter0
connection_strings: ./connection_strings_8.list
logs: parameter0_run/connection_strings_8.list/trial0/
generate_data: ./generate_data
10
All processes spawned at Mon Jun 22 18:29:12 EDT 2020. Now waiting
All procceses finished at Mon Jun 22 18:34:13 EDT 2020
Using connection_strings_8.list and parameter0, running trial 1
paramater_array: ./parameter0
connection_strings: ./connection_strings_8.list
logs: parameter0_run/connection_strings_8.list/trial1/
generate_data: ./generate_data
10
All processes spawned at Mon Jun 22 18:35:13 EDT 2020. Now waiting
All procceses finished at Mon Jun 22 18:40:14 EDT 2020
Using connection_strings_8.list and parameter0, running trial 2
paramater_array: ./parameter0
connection_strings: ./connection_strings_8.list
logs: parameter0_run/connection_strings_8.list/trial2/
generate_data: ./generate_data
10
All processes spawned at Mon Jun 22 18:41:14 EDT 2020. Now waiting
All procceses finished at Mon Jun 22 18:46:14 EDT 2020
Using connection_strings_8.list and parameter0, running trial 3
paramater_array: ./parameter0
connection_strings: ./connection_strings_8.list
logs: parameter0_run/connection_strings_8.list/trial3/
generate_data: ./generate_data
10
All processes spawned at Mon Jun 22 18:47:14 EDT 2020. Now waiting
All procceses finished at Mon Jun 22 18:52:15 EDT 2020
Using connection_strings_8.list and parameter0, running trial 4
paramater_array: ./parameter0
connection_strings: ./connection_strings_8.list
logs: parameter0_run/connection_strings_8.list/trial4/
generate_data: ./generate_data
10
All processes spawned at Mon Jun 22 18:53:15 EDT 2020. Now waiting
All procceses finished at Mon Jun 22 18:58:16 EDT 2020
Using connection_strings_16.list and parameter0, running trial 0
paramater_array: ./parameter0
connection_strings: ./connection_strings_16.list
logs: parameter0_run/connection_strings_16.list/trial0/
generate_data: ./generate_data
10
All processes spawned at Mon Jun 22 18:59:16 EDT 2020. Now waiting
All procceses finished at Mon Jun 22 19:04:17 EDT 2020
Using connection_strings_16.list and parameter0, running trial 1
paramater_array: ./parameter0
connection_strings: ./connection_strings_16.list
logs: parameter0_run/connection_strings_16.list/trial1/
generate_data: ./generate_data
10
All processes spawned at Mon Jun 22 19:05:17 EDT 2020. Now waiting
All procceses finished at Mon Jun 22 19:10:18 EDT 2020
Using connection_strings_16.list and parameter0, running trial 2
paramater_array: ./parameter0
connection_strings: ./connection_strings_16.list
logs: parameter0_run/connection_strings_16.list/trial2/
generate_data: ./generate_data
10
All processes spawned at Mon Jun 22 19:11:18 EDT 2020. Now waiting
All procceses finished at Mon Jun 22 19:16:19 EDT 2020
Using connection_strings_16.list and parameter0, running trial 3
paramater_array: ./parameter0
connection_strings: ./connection_strings_16.list
logs: parameter0_run/connection_strings_16.list/trial3/
generate_data: ./generate_data
10
All processes spawned at Mon Jun 22 19:17:19 EDT 2020. Now waiting
All procceses finished at Mon Jun 22 19:22:19 EDT 2020
Using connection_strings_16.list and parameter0, running trial 4
paramater_array: ./parameter0
connection_strings: ./connection_strings_16.list
logs: parameter0_run/connection_strings_16.list/trial4/
generate_data: ./generate_data
10
All processes spawned at Mon Jun 22 19:23:19 EDT 2020. Now waiting
All procceses finished at Mon Jun 22 19:28:20 EDT 2020
Using connection_strings_32.list and parameter0, running trial 0
paramater_array: ./parameter0
connection_strings: ./connection_strings_32.list
logs: parameter0_run/connection_strings_32.list/trial0/
generate_data: ./generate_data
10
All processes spawned at Mon Jun 22 19:29:20 EDT 2020. Now waiting
All procceses finished at Mon Jun 22 19:34:21 EDT 2020
Using connection_strings_32.list and parameter0, running trial 1
paramater_array: ./parameter0
connection_strings: ./connection_strings_32.list
logs: parameter0_run/connection_strings_32.list/trial1/
generate_data: ./generate_data
10
All processes spawned at Mon Jun 22 19:35:21 EDT 2020. Now waiting
All procceses finished at Mon Jun 22 19:40:22 EDT 2020
Using connection_strings_32.list and parameter0, running trial 2
paramater_array: ./parameter0
connection_strings: ./connection_strings_32.list
logs: parameter0_run/connection_strings_32.list/trial2/
generate_data: ./generate_data
10
All processes spawned at Mon Jun 22 19:41:22 EDT 2020. Now waiting
All procceses finished at Mon Jun 22 19:46:23 EDT 2020
Using connection_strings_32.list and parameter0, running trial 3
paramater_array: ./parameter0
connection_strings: ./connection_strings_32.list
logs: parameter0_run/connection_strings_32.list/trial3/
generate_data: ./generate_data
10
All processes spawned at Mon Jun 22 19:47:23 EDT 2020. Now waiting
All procceses finished at Mon Jun 22 19:52:23 EDT 2020
Using connection_strings_32.list and parameter0, running trial 4
paramater_array: ./parameter0
connection_strings: ./connection_strings_32.list
logs: parameter0_run/connection_strings_32.list/trial4/
generate_data: ./generate_data
10
All processes spawned at Mon Jun 22 19:53:23 EDT 2020. Now waiting
All procceses finished at Mon Jun 22 19:58:24 EDT 2020

Using parameter1

Using connection_strings_4.list and parameter1, running trial 0
paramater_array: ./parameter1
connection_strings: ./connection_strings_4.list
logs: parameter1_run/connection_strings_4.list/trial0/
generate_data: ./generate_data
10
All processes spawned at Mon Jun 22 19:59:54 EDT 2020. Now waiting
All procceses finished at Mon Jun 22 20:05:01 EDT 2020
Using connection_strings_4.list and parameter1, running trial 1
paramater_array: ./parameter1
connection_strings: ./connection_strings_4.list
logs: parameter1_run/connection_strings_4.list/trial1/
generate_data: ./generate_data
10
All processes spawned at Mon Jun 22 20:06:01 EDT 2020. Now waiting
All procceses finished at Mon Jun 22 20:11:08 EDT 2020
Using connection_strings_4.list and parameter1, running trial 2
paramater_array: ./parameter1
connection_strings: ./connection_strings_4.list
logs: parameter1_run/connection_strings_4.list/trial2/
generate_data: ./generate_data
10
All processes spawned at Mon Jun 22 20:12:08 EDT 2020. Now waiting
All procceses finished at Mon Jun 22 20:17:16 EDT 2020
Using connection_strings_4.list and parameter1, running trial 3
paramater_array: ./parameter1
connection_strings: ./connection_strings_4.list
logs: parameter1_run/connection_strings_4.list/trial3/
generate_data: ./generate_data
10
All processes spawned at Mon Jun 22 20:18:16 EDT 2020. Now waiting
All procceses finished at Mon Jun 22 20:23:23 EDT 2020
Using connection_strings_4.list and parameter1, running trial 4
paramater_array: ./parameter1
connection_strings: ./connection_strings_4.list
logs: parameter1_run/connection_strings_4.list/trial4/
generate_data: ./generate_data
10
All processes spawned at Mon Jun 22 20:24:23 EDT 2020. Now waiting
All procceses finished at Mon Jun 22 20:29:30 EDT 2020
Using connection_strings_8.list and parameter1, running trial 0
paramater_array: ./parameter1
connection_strings: ./connection_strings_8.list
logs: parameter1_run/connection_strings_8.list/trial0/
generate_data: ./generate_data
10
All processes spawned at Mon Jun 22 20:30:30 EDT 2020. Now waiting
All procceses finished at Mon Jun 22 20:35:37 EDT 2020
Using connection_strings_8.list and parameter1, running trial 1
paramater_array: ./parameter1
connection_strings: ./connection_strings_8.list
logs: parameter1_run/connection_strings_8.list/trial1/
generate_data: ./generate_data
10
All processes spawned at Mon Jun 22 20:36:37 EDT 2020. Now waiting
All procceses finished at Mon Jun 22 20:41:45 EDT 2020
Using connection_strings_8.list and parameter1, running trial 2
paramater_array: ./parameter1
connection_strings: ./connection_strings_8.list
logs: parameter1_run/connection_strings_8.list/trial2/
generate_data: ./generate_data
10
All processes spawned at Mon Jun 22 20:42:45 EDT 2020. Now waiting
All procceses finished at Mon Jun 22 20:47:52 EDT 2020
Using connection_strings_8.list and parameter1, running trial 3
paramater_array: ./parameter1
connection_strings: ./connection_strings_8.list
logs: parameter1_run/connection_strings_8.list/trial3/
generate_data: ./generate_data
10
All processes spawned at Mon Jun 22 20:48:52 EDT 2020. Now waiting
All procceses finished at Mon Jun 22 20:53:59 EDT 2020
Using connection_strings_8.list and parameter1, running trial 4
paramater_array: ./parameter1
connection_strings: ./connection_strings_8.list
logs: parameter1_run/connection_strings_8.list/trial4/
generate_data: ./generate_data
10
All processes spawned at Mon Jun 22 20:54:59 EDT 2020. Now waiting
All procceses finished at Mon Jun 22 21:00:07 EDT 2020
Using connection_strings_16.list and parameter1, running trial 0
paramater_array: ./parameter1
connection_strings: ./connection_strings_16.list
logs: parameter1_run/connection_strings_16.list/trial0/
generate_data: ./generate_data
10
All processes spawned at Mon Jun 22 21:01:07 EDT 2020. Now waiting
All procceses finished at Mon Jun 22 21:06:14 EDT 2020
Using connection_strings_16.list and parameter1, running trial 1
paramater_array: ./parameter1
connection_strings: ./connection_strings_16.list
logs: parameter1_run/connection_strings_16.list/trial1/
generate_data: ./generate_data
10
All processes spawned at Mon Jun 22 21:07:14 EDT 2020. Now waiting
All procceses finished at Mon Jun 22 21:12:22 EDT 2020
Using connection_strings_16.list and parameter1, running trial 2
paramater_array: ./parameter1
connection_strings: ./connection_strings_16.list
logs: parameter1_run/connection_strings_16.list/trial2/
generate_data: ./generate_data
10
All processes spawned at Mon Jun 22 21:13:22 EDT 2020. Now waiting
All procceses finished at Mon Jun 22 21:18:29 EDT 2020
Using connection_strings_16.list and parameter1, running trial 3
paramater_array: ./parameter1
connection_strings: ./connection_strings_16.list
logs: parameter1_run/connection_strings_16.list/trial3/
generate_data: ./generate_data
10
All processes spawned at Mon Jun 22 21:19:29 EDT 2020. Now waiting
All procceses finished at Mon Jun 22 21:24:37 EDT 2020
Using connection_strings_16.list and parameter1, running trial 4
paramater_array: ./parameter1
connection_strings: ./connection_strings_16.list
logs: parameter1_run/connection_strings_16.list/trial4/
generate_data: ./generate_data
10
All processes spawned at Mon Jun 22 21:25:37 EDT 2020. Now waiting
All procceses finished at Mon Jun 22 21:30:46 EDT 2020
Using connection_strings_32.list and parameter1, running trial 0
paramater_array: ./parameter1
connection_strings: ./connection_strings_32.list
logs: parameter1_run/connection_strings_32.list/trial0/
generate_data: ./generate_data
10
All processes spawned at Mon Jun 22 21:31:46 EDT 2020. Now waiting
All procceses finished at Mon Jun 22 21:36:53 EDT 2020
Using connection_strings_32.list and parameter1, running trial 1
paramater_array: ./parameter1
connection_strings: ./connection_strings_32.list
logs: parameter1_run/connection_strings_32.list/trial1/
generate_data: ./generate_data
10
All processes spawned at Mon Jun 22 21:37:53 EDT 2020. Now waiting
All procceses finished at Mon Jun 22 21:43:01 EDT 2020
Using connection_strings_32.list and parameter1, running trial 2
paramater_array: ./parameter1
connection_strings: ./connection_strings_32.list
logs: parameter1_run/connection_strings_32.list/trial2/
generate_data: ./generate_data
10
All processes spawned at Mon Jun 22 21:44:01 EDT 2020. Now waiting
All procceses finished at Mon Jun 22 21:49:09 EDT 2020
Using connection_strings_32.list and parameter1, running trial 3
paramater_array: ./parameter1
connection_strings: ./connection_strings_32.list
logs: parameter1_run/connection_strings_32.list/trial3/
generate_data: ./generate_data
10
All processes spawned at Mon Jun 22 21:50:09 EDT 2020. Now waiting
All procceses finished at Mon Jun 22 21:55:15 EDT 2020
Using connection_strings_32.list and parameter1, running trial 4
paramater_array: ./parameter1
connection_strings: ./connection_strings_32.list
logs: parameter1_run/connection_strings_32.list/trial4/
generate_data: ./generate_data
10
All processes spawned at Mon Jun 22 21:56:15 EDT 2020. Now waiting
All procceses finished at Mon Jun 22 22:01:23 EDT 2020
